[2023-06-01 19:53:19,711][INFO] Loading model.
[2023-06-01 19:54:10,050][INFO] Build network for module `generator` in model `styleganinv_ffhq256`.
[2023-06-01 19:54:10,285][INFO] Loading pytorch weights from `models\pretrain\styleganinv_ffhq256_generator.pth`.
[2023-06-01 19:54:10,819][INFO] Successfully loaded!
[2023-06-01 19:54:10,842][INFO] Current `lod` is 0.0.
[2023-06-01 19:54:10,843][INFO] Build network for module `encoder` in model `styleganinv_ffhq256`.
[2023-06-01 19:54:11,885][INFO] Loading pytorch weights from `models\pretrain\styleganinv_ffhq256_encoder.pth`.
[2023-06-01 19:54:14,818][INFO] Successfully loaded!
[2023-06-01 19:54:15,326][INFO] Loading target images and context images.
[2023-06-01 19:54:15,329][INFO] Start diffusion.
[2023-06-01 19:54:18,005][DEBUG] Step: 00001, lr: 1.00e-02, loss_pix: 0.018, loss_feat: 1765.335, loss: 0.106
[2023-06-01 19:54:22,631][DEBUG] Step: 00002, lr: 1.00e-02, loss_pix: 0.013, loss_feat: 1448.504, loss: 0.085
[2023-06-01 19:54:27,161][DEBUG] Step: 00003, lr: 1.00e-02, loss_pix: 0.012, loss_feat: 1359.120, loss: 0.080
[2023-06-01 19:54:31,513][DEBUG] Step: 00004, lr: 1.00e-02, loss_pix: 0.012, loss_feat: 1301.184, loss: 0.077
[2023-06-01 19:54:35,891][DEBUG] Step: 00005, lr: 1.00e-02, loss_pix: 0.011, loss_feat: 1264.641, loss: 0.074
[2023-06-01 19:54:40,507][DEBUG] Step: 00006, lr: 1.00e-02, loss_pix: 0.010, loss_feat: 1236.682, loss: 0.072
[2023-06-01 19:54:45,045][DEBUG] Step: 00007, lr: 1.00e-02, loss_pix: 0.009, loss_feat: 1195.243, loss: 0.069
[2023-06-01 19:54:49,366][DEBUG] Step: 00008, lr: 1.00e-02, loss_pix: 0.008, loss_feat: 1157.569, loss: 0.066
[2023-06-01 19:54:53,637][DEBUG] Step: 00009, lr: 1.00e-02, loss_pix: 0.008, loss_feat: 1128.939, loss: 0.064
[2023-06-01 19:54:57,976][DEBUG] Step: 00010, lr: 1.00e-02, loss_pix: 0.007, loss_feat: 1104.213, loss: 0.062
[2023-06-01 19:55:02,386][DEBUG] Step: 00011, lr: 1.00e-02, loss_pix: 0.007, loss_feat: 1082.875, loss: 0.061
[2023-06-01 19:55:06,695][DEBUG] Step: 00012, lr: 1.00e-02, loss_pix: 0.007, loss_feat: 1060.340, loss: 0.060
[2023-06-01 19:55:11,123][DEBUG] Step: 00013, lr: 1.00e-02, loss_pix: 0.006, loss_feat: 1030.510, loss: 0.058
[2023-06-01 19:55:15,431][DEBUG] Step: 00014, lr: 1.00e-02, loss_pix: 0.006, loss_feat: 1001.084, loss: 0.056
[2023-06-01 19:55:19,855][DEBUG] Step: 00015, lr: 1.00e-02, loss_pix: 0.006, loss_feat: 972.255, loss: 0.055
[2023-06-01 19:55:24,486][DEBUG] Step: 00016, lr: 1.00e-02, loss_pix: 0.006, loss_feat: 949.451, loss: 0.054
[2023-06-01 19:55:29,256][DEBUG] Step: 00017, lr: 1.00e-02, loss_pix: 0.006, loss_feat: 925.641, loss: 0.053
[2023-06-01 19:55:34,083][DEBUG] Step: 00018, lr: 1.00e-02, loss_pix: 0.006, loss_feat: 901.464, loss: 0.051
[2023-06-01 19:55:39,307][DEBUG] Step: 00019, lr: 1.00e-02, loss_pix: 0.006, loss_feat: 880.747, loss: 0.050
[2023-06-01 19:55:44,401][DEBUG] Step: 00020, lr: 1.00e-02, loss_pix: 0.006, loss_feat: 859.131, loss: 0.049
[2023-06-01 19:55:49,613][DEBUG] Step: 00021, lr: 1.00e-02, loss_pix: 0.006, loss_feat: 839.757, loss: 0.048
[2023-06-01 19:55:54,942][DEBUG] Step: 00022, lr: 1.00e-02, loss_pix: 0.006, loss_feat: 819.986, loss: 0.047
[2023-06-01 19:56:00,198][DEBUG] Step: 00023, lr: 1.00e-02, loss_pix: 0.005, loss_feat: 804.753, loss: 0.046
[2023-06-01 19:56:05,735][DEBUG] Step: 00024, lr: 1.00e-02, loss_pix: 0.005, loss_feat: 790.842, loss: 0.045
[2023-06-01 19:56:10,428][DEBUG] Step: 00025, lr: 1.00e-02, loss_pix: 0.005, loss_feat: 776.929, loss: 0.044
[2023-06-01 19:56:15,080][DEBUG] Step: 00026, lr: 1.00e-02, loss_pix: 0.005, loss_feat: 759.062, loss: 0.043
[2023-06-01 19:56:19,813][DEBUG] Step: 00027, lr: 1.00e-02, loss_pix: 0.005, loss_feat: 741.040, loss: 0.042
[2023-06-01 19:56:24,857][DEBUG] Step: 00028, lr: 1.00e-02, loss_pix: 0.005, loss_feat: 725.352, loss: 0.041
[2023-06-01 19:56:31,012][DEBUG] Step: 00029, lr: 1.00e-02, loss_pix: 0.005, loss_feat: 709.250, loss: 0.040
[2023-06-01 19:56:35,918][DEBUG] Step: 00030, lr: 1.00e-02, loss_pix: 0.005, loss_feat: 693.988, loss: 0.039
[2023-06-01 19:56:40,886][DEBUG] Step: 00031, lr: 1.00e-02, loss_pix: 0.005, loss_feat: 679.674, loss: 0.039
[2023-06-01 19:56:45,661][DEBUG] Step: 00032, lr: 1.00e-02, loss_pix: 0.005, loss_feat: 662.161, loss: 0.038
[2023-06-01 19:56:50,419][DEBUG] Step: 00033, lr: 1.00e-02, loss_pix: 0.005, loss_feat: 646.004, loss: 0.037
[2023-06-01 19:56:55,480][DEBUG] Step: 00034, lr: 1.00e-02, loss_pix: 0.005, loss_feat: 633.388, loss: 0.036
[2023-06-01 19:57:00,286][DEBUG] Step: 00035, lr: 1.00e-02, loss_pix: 0.005, loss_feat: 619.927, loss: 0.036
[2023-06-01 19:57:04,883][DEBUG] Step: 00036, lr: 1.00e-02, loss_pix: 0.005, loss_feat: 608.001, loss: 0.035
[2023-06-01 19:57:09,589][DEBUG] Step: 00037, lr: 1.00e-02, loss_pix: 0.004, loss_feat: 595.897, loss: 0.034
[2023-06-01 19:57:14,352][DEBUG] Step: 00038, lr: 1.00e-02, loss_pix: 0.004, loss_feat: 582.725, loss: 0.034
[2023-06-01 19:57:19,214][DEBUG] Step: 00039, lr: 1.00e-02, loss_pix: 0.004, loss_feat: 571.918, loss: 0.033
[2023-06-01 19:57:24,096][DEBUG] Step: 00040, lr: 1.00e-02, loss_pix: 0.004, loss_feat: 558.809, loss: 0.032
[2023-06-01 19:57:29,038][DEBUG] Step: 00041, lr: 1.00e-02, loss_pix: 0.004, loss_feat: 545.786, loss: 0.032
[2023-06-01 19:57:33,775][DEBUG] Step: 00042, lr: 1.00e-02, loss_pix: 0.004, loss_feat: 533.435, loss: 0.031
[2023-06-01 19:57:38,313][DEBUG] Step: 00043, lr: 1.00e-02, loss_pix: 0.004, loss_feat: 522.140, loss: 0.030
[2023-06-01 19:57:42,913][DEBUG] Step: 00044, lr: 1.00e-02, loss_pix: 0.004, loss_feat: 510.009, loss: 0.030
[2023-06-01 19:57:47,765][DEBUG] Step: 00045, lr: 1.00e-02, loss_pix: 0.004, loss_feat: 500.498, loss: 0.029
[2023-06-01 19:57:52,566][DEBUG] Step: 00046, lr: 1.00e-02, loss_pix: 0.004, loss_feat: 488.164, loss: 0.029
[2023-06-01 19:57:57,407][DEBUG] Step: 00047, lr: 1.00e-02, loss_pix: 0.004, loss_feat: 478.239, loss: 0.028
[2023-06-01 19:58:02,503][DEBUG] Step: 00048, lr: 1.00e-02, loss_pix: 0.004, loss_feat: 471.160, loss: 0.028
[2023-06-01 19:58:07,594][DEBUG] Step: 00049, lr: 1.00e-02, loss_pix: 0.004, loss_feat: 461.153, loss: 0.027
[2023-06-01 19:58:12,446][DEBUG] Step: 00050, lr: 1.00e-02, loss_pix: 0.004, loss_feat: 452.473, loss: 0.027
[2023-06-01 19:58:17,193][DEBUG] Step: 00051, lr: 1.00e-02, loss_pix: 0.004, loss_feat: 442.978, loss: 0.026
[2023-06-01 19:58:21,880][DEBUG] Step: 00052, lr: 1.00e-02, loss_pix: 0.004, loss_feat: 434.326, loss: 0.026
[2023-06-01 19:58:26,582][DEBUG] Step: 00053, lr: 1.00e-02, loss_pix: 0.004, loss_feat: 424.694, loss: 0.025
[2023-06-01 19:58:31,417][DEBUG] Step: 00054, lr: 1.00e-02, loss_pix: 0.004, loss_feat: 414.525, loss: 0.025
[2023-06-01 19:58:36,396][DEBUG] Step: 00055, lr: 1.00e-02, loss_pix: 0.004, loss_feat: 404.458, loss: 0.024
[2023-06-01 19:58:41,285][DEBUG] Step: 00056, lr: 1.00e-02, loss_pix: 0.004, loss_feat: 395.716, loss: 0.024
[2023-06-01 19:58:45,990][DEBUG] Step: 00057, lr: 1.00e-02, loss_pix: 0.004, loss_feat: 386.424, loss: 0.023
[2023-06-01 19:58:50,739][DEBUG] Step: 00058, lr: 1.00e-02, loss_pix: 0.004, loss_feat: 376.746, loss: 0.023
[2023-06-01 19:58:55,634][DEBUG] Step: 00059, lr: 1.00e-02, loss_pix: 0.004, loss_feat: 367.366, loss: 0.022
[2023-06-01 19:59:00,458][DEBUG] Step: 00060, lr: 1.00e-02, loss_pix: 0.004, loss_feat: 358.082, loss: 0.022
[2023-06-01 19:59:05,543][DEBUG] Step: 00061, lr: 1.00e-02, loss_pix: 0.004, loss_feat: 348.692, loss: 0.021
[2023-06-01 19:59:10,527][DEBUG] Step: 00062, lr: 1.00e-02, loss_pix: 0.004, loss_feat: 341.117, loss: 0.021
[2023-06-01 19:59:15,200][DEBUG] Step: 00063, lr: 1.00e-02, loss_pix: 0.004, loss_feat: 333.187, loss: 0.020
[2023-06-01 19:59:19,992][DEBUG] Step: 00064, lr: 1.00e-02, loss_pix: 0.004, loss_feat: 324.584, loss: 0.020
[2023-06-01 19:59:24,794][DEBUG] Step: 00065, lr: 1.00e-02, loss_pix: 0.004, loss_feat: 318.580, loss: 0.020
[2023-06-01 19:59:29,709][DEBUG] Step: 00066, lr: 1.00e-02, loss_pix: 0.004, loss_feat: 312.794, loss: 0.019
[2023-06-01 19:59:34,607][DEBUG] Step: 00067, lr: 1.00e-02, loss_pix: 0.004, loss_feat: 305.379, loss: 0.019
[2023-06-01 19:59:39,688][DEBUG] Step: 00068, lr: 1.00e-02, loss_pix: 0.004, loss_feat: 301.470, loss: 0.019
[2023-06-01 19:59:44,706][DEBUG] Step: 00069, lr: 1.00e-02, loss_pix: 0.004, loss_feat: 296.640, loss: 0.018
[2023-06-01 19:59:49,511][DEBUG] Step: 00070, lr: 1.00e-02, loss_pix: 0.004, loss_feat: 290.074, loss: 0.018
[2023-06-01 19:59:54,421][DEBUG] Step: 00071, lr: 1.00e-02, loss_pix: 0.004, loss_feat: 287.397, loss: 0.018
[2023-06-01 19:59:59,277][DEBUG] Step: 00072, lr: 1.00e-02, loss_pix: 0.004, loss_feat: 280.920, loss: 0.018
[2023-06-01 20:00:03,943][DEBUG] Step: 00073, lr: 1.00e-02, loss_pix: 0.004, loss_feat: 277.019, loss: 0.017
[2023-06-01 20:00:08,742][DEBUG] Step: 00074, lr: 1.00e-02, loss_pix: 0.003, loss_feat: 271.432, loss: 0.017
[2023-06-01 20:00:13,728][DEBUG] Step: 00075, lr: 1.00e-02, loss_pix: 0.003, loss_feat: 267.422, loss: 0.017
[2023-06-01 20:00:18,688][DEBUG] Step: 00076, lr: 1.00e-02, loss_pix: 0.003, loss_feat: 264.097, loss: 0.017
[2023-06-01 20:00:23,818][DEBUG] Step: 00077, lr: 1.00e-02, loss_pix: 0.003, loss_feat: 261.034, loss: 0.016
[2023-06-01 20:00:28,677][DEBUG] Step: 00078, lr: 1.00e-02, loss_pix: 0.003, loss_feat: 256.495, loss: 0.016
[2023-06-01 20:00:33,265][DEBUG] Step: 00079, lr: 1.00e-02, loss_pix: 0.003, loss_feat: 252.778, loss: 0.016
[2023-06-01 20:00:37,936][DEBUG] Step: 00080, lr: 1.00e-02, loss_pix: 0.003, loss_feat: 250.816, loss: 0.016
[2023-06-01 20:00:42,903][DEBUG] Step: 00081, lr: 1.00e-02, loss_pix: 0.003, loss_feat: 249.590, loss: 0.016
[2023-06-01 20:00:47,816][DEBUG] Step: 00082, lr: 1.00e-02, loss_pix: 0.003, loss_feat: 242.849, loss: 0.015
[2023-06-01 20:00:52,721][DEBUG] Step: 00083, lr: 1.00e-02, loss_pix: 0.003, loss_feat: 244.591, loss: 0.016
[2023-06-01 20:00:57,429][DEBUG] Step: 00084, lr: 1.00e-02, loss_pix: 0.003, loss_feat: 237.085, loss: 0.015
[2023-06-01 20:01:02,253][DEBUG] Step: 00085, lr: 1.00e-02, loss_pix: 0.003, loss_feat: 235.753, loss: 0.015
[2023-06-01 20:01:07,141][DEBUG] Step: 00086, lr: 1.00e-02, loss_pix: 0.003, loss_feat: 232.726, loss: 0.015
[2023-06-01 20:01:12,069][DEBUG] Step: 00087, lr: 1.00e-02, loss_pix: 0.003, loss_feat: 227.710, loss: 0.015
[2023-06-01 20:01:16,967][DEBUG] Step: 00088, lr: 1.00e-02, loss_pix: 0.003, loss_feat: 225.362, loss: 0.015
[2023-06-01 20:01:21,725][DEBUG] Step: 00089, lr: 1.00e-02, loss_pix: 0.003, loss_feat: 222.882, loss: 0.014
[2023-06-01 20:01:26,409][DEBUG] Step: 00090, lr: 1.00e-02, loss_pix: 0.003, loss_feat: 218.004, loss: 0.014
[2023-06-01 20:01:30,972][DEBUG] Step: 00091, lr: 1.00e-02, loss_pix: 0.003, loss_feat: 218.379, loss: 0.014
[2023-06-01 20:01:35,764][DEBUG] Step: 00092, lr: 1.00e-02, loss_pix: 0.003, loss_feat: 214.198, loss: 0.014
[2023-06-01 20:01:40,559][DEBUG] Step: 00093, lr: 1.00e-02, loss_pix: 0.003, loss_feat: 212.396, loss: 0.014
[2023-06-01 20:01:45,454][DEBUG] Step: 00094, lr: 1.00e-02, loss_pix: 0.003, loss_feat: 208.295, loss: 0.014
[2023-06-01 20:01:50,462][DEBUG] Step: 00095, lr: 1.00e-02, loss_pix: 0.003, loss_feat: 206.570, loss: 0.013
[2023-06-01 20:01:55,153][DEBUG] Step: 00096, lr: 1.00e-02, loss_pix: 0.003, loss_feat: 202.689, loss: 0.013
[2023-06-01 20:01:59,806][DEBUG] Step: 00097, lr: 1.00e-02, loss_pix: 0.003, loss_feat: 200.806, loss: 0.013
[2023-06-01 20:02:04,527][DEBUG] Step: 00098, lr: 1.00e-02, loss_pix: 0.003, loss_feat: 197.580, loss: 0.013
[2023-06-01 20:02:09,485][DEBUG] Step: 00099, lr: 1.00e-02, loss_pix: 0.003, loss_feat: 195.452, loss: 0.013
[2023-06-01 20:02:14,214][DEBUG] Step: 00100, lr: 1.00e-02, loss_pix: 0.003, loss_feat: 193.119, loss: 0.013
[2023-06-01 20:02:20,121][DEBUG] Step: 00001, lr: 1.00e-02, loss_pix: 0.014, loss_feat: 1684.471, loss: 0.098
[2023-06-01 20:02:24,942][DEBUG] Step: 00002, lr: 1.00e-02, loss_pix: 0.010, loss_feat: 1451.847, loss: 0.082
[2023-06-01 20:02:29,832][DEBUG] Step: 00003, lr: 1.00e-02, loss_pix: 0.009, loss_feat: 1291.100, loss: 0.073
[2023-06-01 20:02:34,791][DEBUG] Step: 00004, lr: 1.00e-02, loss_pix: 0.009, loss_feat: 1218.007, loss: 0.070
[2023-06-01 20:02:39,589][DEBUG] Step: 00005, lr: 1.00e-02, loss_pix: 0.008, loss_feat: 1190.707, loss: 0.068
[2023-06-01 20:02:44,147][DEBUG] Step: 00006, lr: 1.00e-02, loss_pix: 0.008, loss_feat: 1174.610, loss: 0.066
[2023-06-01 20:02:48,835][DEBUG] Step: 00007, lr: 1.00e-02, loss_pix: 0.007, loss_feat: 1158.747, loss: 0.065
[2023-06-01 20:02:53,859][DEBUG] Step: 00008, lr: 1.00e-02, loss_pix: 0.006, loss_feat: 1135.562, loss: 0.063
[2023-06-01 20:02:58,589][DEBUG] Step: 00009, lr: 1.00e-02, loss_pix: 0.006, loss_feat: 1114.521, loss: 0.061
[2023-06-01 20:03:03,408][DEBUG] Step: 00010, lr: 1.00e-02, loss_pix: 0.005, loss_feat: 1098.473, loss: 0.060
[2023-06-01 20:03:08,366][DEBUG] Step: 00011, lr: 1.00e-02, loss_pix: 0.005, loss_feat: 1071.054, loss: 0.059
[2023-06-01 20:03:13,420][DEBUG] Step: 00012, lr: 1.00e-02, loss_pix: 0.005, loss_feat: 1037.168, loss: 0.057
[2023-06-01 20:03:18,262][DEBUG] Step: 00013, lr: 1.00e-02, loss_pix: 0.005, loss_feat: 1003.520, loss: 0.056
[2023-06-01 20:03:22,982][DEBUG] Step: 00014, lr: 1.00e-02, loss_pix: 0.005, loss_feat: 973.902, loss: 0.054
[2023-06-01 20:03:27,718][DEBUG] Step: 00015, lr: 1.00e-02, loss_pix: 0.005, loss_feat: 942.964, loss: 0.052
[2023-06-01 20:03:32,419][DEBUG] Step: 00016, lr: 1.00e-02, loss_pix: 0.005, loss_feat: 916.560, loss: 0.051
[2023-06-01 20:03:37,409][DEBUG] Step: 00017, lr: 1.00e-02, loss_pix: 0.005, loss_feat: 882.759, loss: 0.049
[2023-06-01 20:03:42,508][DEBUG] Step: 00018, lr: 1.00e-02, loss_pix: 0.005, loss_feat: 857.987, loss: 0.048
[2023-06-01 20:03:47,218][DEBUG] Step: 00019, lr: 1.00e-02, loss_pix: 0.005, loss_feat: 834.306, loss: 0.047
[2023-06-01 20:03:51,924][DEBUG] Step: 00020, lr: 1.00e-02, loss_pix: 0.005, loss_feat: 805.912, loss: 0.045
[2023-06-01 20:03:56,854][DEBUG] Step: 00021, lr: 1.00e-02, loss_pix: 0.005, loss_feat: 781.433, loss: 0.044
[2023-06-01 20:04:01,806][DEBUG] Step: 00022, lr: 1.00e-02, loss_pix: 0.005, loss_feat: 760.568, loss: 0.043
[2023-06-01 20:04:06,888][DEBUG] Step: 00023, lr: 1.00e-02, loss_pix: 0.005, loss_feat: 742.151, loss: 0.042
[2023-06-01 20:04:11,873][DEBUG] Step: 00024, lr: 1.00e-02, loss_pix: 0.005, loss_feat: 724.601, loss: 0.041
[2023-06-01 20:04:16,584][DEBUG] Step: 00025, lr: 1.00e-02, loss_pix: 0.005, loss_feat: 704.920, loss: 0.040
[2023-06-01 20:04:21,180][DEBUG] Step: 00026, lr: 1.00e-02, loss_pix: 0.005, loss_feat: 682.492, loss: 0.039
[2023-06-01 20:04:25,876][DEBUG] Step: 00027, lr: 1.00e-02, loss_pix: 0.005, loss_feat: 661.262, loss: 0.038
[2023-06-01 20:04:30,968][DEBUG] Step: 00028, lr: 1.00e-02, loss_pix: 0.005, loss_feat: 644.261, loss: 0.037
[2023-06-01 20:04:35,782][DEBUG] Step: 00029, lr: 1.00e-02, loss_pix: 0.005, loss_feat: 627.303, loss: 0.036
[2023-06-01 20:04:40,586][DEBUG] Step: 00030, lr: 1.00e-02, loss_pix: 0.005, loss_feat: 613.037, loss: 0.035
[2023-06-01 20:04:45,573][DEBUG] Step: 00031, lr: 1.00e-02, loss_pix: 0.004, loss_feat: 597.390, loss: 0.034
[2023-06-01 20:04:50,570][DEBUG] Step: 00032, lr: 1.00e-02, loss_pix: 0.004, loss_feat: 583.661, loss: 0.034
[2023-06-01 20:04:55,307][DEBUG] Step: 00033, lr: 1.00e-02, loss_pix: 0.004, loss_feat: 570.698, loss: 0.033
[2023-06-01 20:04:59,985][DEBUG] Step: 00034, lr: 1.00e-02, loss_pix: 0.004, loss_feat: 557.390, loss: 0.032
[2023-06-01 20:05:04,621][DEBUG] Step: 00035, lr: 1.00e-02, loss_pix: 0.004, loss_feat: 542.778, loss: 0.031
[2023-06-01 20:05:09,237][DEBUG] Step: 00036, lr: 1.00e-02, loss_pix: 0.004, loss_feat: 529.113, loss: 0.031
[2023-06-01 20:05:13,962][DEBUG] Step: 00037, lr: 1.00e-02, loss_pix: 0.004, loss_feat: 516.397, loss: 0.030
[2023-06-01 20:05:18,920][DEBUG] Step: 00038, lr: 1.00e-02, loss_pix: 0.004, loss_feat: 505.797, loss: 0.029
[2023-06-01 20:05:24,048][DEBUG] Step: 00039, lr: 1.00e-02, loss_pix: 0.004, loss_feat: 494.394, loss: 0.029
[2023-06-01 20:05:28,871][DEBUG] Step: 00040, lr: 1.00e-02, loss_pix: 0.004, loss_feat: 484.600, loss: 0.028
[2023-06-01 20:05:33,645][DEBUG] Step: 00041, lr: 1.00e-02, loss_pix: 0.004, loss_feat: 472.799, loss: 0.028
[2023-06-01 20:05:38,364][DEBUG] Step: 00042, lr: 1.00e-02, loss_pix: 0.004, loss_feat: 461.782, loss: 0.027
[2023-06-01 20:05:43,160][DEBUG] Step: 00043, lr: 1.00e-02, loss_pix: 0.004, loss_feat: 451.857, loss: 0.027
[2023-06-01 20:05:47,958][DEBUG] Step: 00044, lr: 1.00e-02, loss_pix: 0.004, loss_feat: 441.145, loss: 0.026
[2023-06-01 20:05:52,803][DEBUG] Step: 00045, lr: 1.00e-02, loss_pix: 0.004, loss_feat: 430.190, loss: 0.025
[2023-06-01 20:05:57,706][DEBUG] Step: 00046, lr: 1.00e-02, loss_pix: 0.004, loss_feat: 422.095, loss: 0.025
[2023-06-01 20:06:02,483][DEBUG] Step: 00047, lr: 1.00e-02, loss_pix: 0.004, loss_feat: 413.773, loss: 0.025
[2023-06-01 20:06:07,257][DEBUG] Step: 00048, lr: 1.00e-02, loss_pix: 0.004, loss_feat: 407.237, loss: 0.024
[2023-06-01 20:06:11,916][DEBUG] Step: 00049, lr: 1.00e-02, loss_pix: 0.004, loss_feat: 400.322, loss: 0.024
[2023-06-01 20:06:16,621][DEBUG] Step: 00050, lr: 1.00e-02, loss_pix: 0.004, loss_feat: 393.116, loss: 0.023
[2023-06-01 20:06:21,448][DEBUG] Step: 00051, lr: 1.00e-02, loss_pix: 0.004, loss_feat: 385.103, loss: 0.023
[2023-06-01 20:06:26,401][DEBUG] Step: 00052, lr: 1.00e-02, loss_pix: 0.004, loss_feat: 378.867, loss: 0.023
[2023-06-01 20:06:31,187][DEBUG] Step: 00053, lr: 1.00e-02, loss_pix: 0.004, loss_feat: 371.689, loss: 0.022
[2023-06-01 20:06:35,934][DEBUG] Step: 00054, lr: 1.00e-02, loss_pix: 0.004, loss_feat: 365.368, loss: 0.022
[2023-06-01 20:06:40,802][DEBUG] Step: 00055, lr: 1.00e-02, loss_pix: 0.004, loss_feat: 359.953, loss: 0.022
[2023-06-01 20:06:45,691][DEBUG] Step: 00056, lr: 1.00e-02, loss_pix: 0.004, loss_feat: 353.439, loss: 0.021
[2023-06-01 20:06:50,334][DEBUG] Step: 00057, lr: 1.00e-02, loss_pix: 0.004, loss_feat: 348.158, loss: 0.021
[2023-06-01 20:06:55,005][DEBUG] Step: 00058, lr: 1.00e-02, loss_pix: 0.004, loss_feat: 341.750, loss: 0.021
[2023-06-01 20:06:59,698][DEBUG] Step: 00059, lr: 1.00e-02, loss_pix: 0.004, loss_feat: 337.122, loss: 0.021
[2023-06-01 20:07:04,472][DEBUG] Step: 00060, lr: 1.00e-02, loss_pix: 0.004, loss_feat: 330.929, loss: 0.020
[2023-06-01 20:07:09,272][DEBUG] Step: 00061, lr: 1.00e-02, loss_pix: 0.004, loss_feat: 326.027, loss: 0.020
[2023-06-01 20:07:14,200][DEBUG] Step: 00062, lr: 1.00e-02, loss_pix: 0.004, loss_feat: 320.603, loss: 0.020
[2023-06-01 20:07:19,122][DEBUG] Step: 00063, lr: 1.00e-02, loss_pix: 0.004, loss_feat: 316.198, loss: 0.019
[2023-06-01 20:07:23,841][DEBUG] Step: 00064, lr: 1.00e-02, loss_pix: 0.004, loss_feat: 311.758, loss: 0.019
[2023-06-01 20:07:28,641][DEBUG] Step: 00065, lr: 1.00e-02, loss_pix: 0.004, loss_feat: 306.897, loss: 0.019
[2023-06-01 20:07:33,740][DEBUG] Step: 00066, lr: 1.00e-02, loss_pix: 0.004, loss_feat: 302.741, loss: 0.019
[2023-06-01 20:07:38,684][DEBUG] Step: 00067, lr: 1.00e-02, loss_pix: 0.004, loss_feat: 298.500, loss: 0.019
[2023-06-01 20:07:43,693][DEBUG] Step: 00068, lr: 1.00e-02, loss_pix: 0.004, loss_feat: 293.911, loss: 0.018
[2023-06-01 20:07:48,456][DEBUG] Step: 00069, lr: 1.00e-02, loss_pix: 0.004, loss_feat: 289.621, loss: 0.018
[2023-06-01 20:07:53,907][DEBUG] Step: 00070, lr: 1.00e-02, loss_pix: 0.004, loss_feat: 285.361, loss: 0.018
[2023-06-01 20:08:00,050][DEBUG] Step: 00071, lr: 1.00e-02, loss_pix: 0.004, loss_feat: 282.305, loss: 0.018
[2023-06-01 20:08:05,434][DEBUG] Step: 00072, lr: 1.00e-02, loss_pix: 0.004, loss_feat: 278.617, loss: 0.017
[2023-06-01 20:08:10,092][DEBUG] Step: 00073, lr: 1.00e-02, loss_pix: 0.004, loss_feat: 274.486, loss: 0.017
[2023-06-01 20:08:15,185][DEBUG] Step: 00074, lr: 1.00e-02, loss_pix: 0.004, loss_feat: 271.554, loss: 0.017
[2023-06-01 20:08:20,383][DEBUG] Step: 00075, lr: 1.00e-02, loss_pix: 0.004, loss_feat: 267.271, loss: 0.017
[2023-06-01 20:08:25,751][DEBUG] Step: 00076, lr: 1.00e-02, loss_pix: 0.004, loss_feat: 264.439, loss: 0.017
[2023-06-01 20:08:30,676][DEBUG] Step: 00077, lr: 1.00e-02, loss_pix: 0.003, loss_feat: 260.947, loss: 0.017
[2023-06-01 20:08:35,563][DEBUG] Step: 00078, lr: 1.00e-02, loss_pix: 0.003, loss_feat: 257.077, loss: 0.016
[2023-06-01 20:08:40,721][DEBUG] Step: 00079, lr: 1.00e-02, loss_pix: 0.003, loss_feat: 254.485, loss: 0.016
[2023-06-01 20:08:45,659][DEBUG] Step: 00080, lr: 1.00e-02, loss_pix: 0.003, loss_feat: 251.594, loss: 0.016
[2023-06-01 20:08:50,568][DEBUG] Step: 00081, lr: 1.00e-02, loss_pix: 0.003, loss_feat: 248.660, loss: 0.016
[2023-06-01 20:08:55,184][DEBUG] Step: 00082, lr: 1.00e-02, loss_pix: 0.003, loss_feat: 245.803, loss: 0.016
[2023-06-01 20:08:59,903][DEBUG] Step: 00083, lr: 1.00e-02, loss_pix: 0.003, loss_feat: 241.647, loss: 0.016
[2023-06-01 20:09:05,075][DEBUG] Step: 00084, lr: 1.00e-02, loss_pix: 0.003, loss_feat: 239.362, loss: 0.015
[2023-06-01 20:09:09,852][DEBUG] Step: 00085, lr: 1.00e-02, loss_pix: 0.003, loss_feat: 235.190, loss: 0.015
[2023-06-01 20:09:14,710][DEBUG] Step: 00086, lr: 1.00e-02, loss_pix: 0.003, loss_feat: 232.954, loss: 0.015
[2023-06-01 20:09:19,659][DEBUG] Step: 00087, lr: 1.00e-02, loss_pix: 0.003, loss_feat: 230.627, loss: 0.015
[2023-06-01 20:09:24,391][DEBUG] Step: 00088, lr: 1.00e-02, loss_pix: 0.003, loss_feat: 226.874, loss: 0.015
[2023-06-01 20:09:29,115][DEBUG] Step: 00089, lr: 1.00e-02, loss_pix: 0.003, loss_feat: 224.269, loss: 0.015
[2023-06-01 20:09:33,975][DEBUG] Step: 00090, lr: 1.00e-02, loss_pix: 0.003, loss_feat: 222.569, loss: 0.014
[2023-06-01 20:09:38,850][DEBUG] Step: 00091, lr: 1.00e-02, loss_pix: 0.003, loss_feat: 218.725, loss: 0.014
[2023-06-01 20:09:44,128][DEBUG] Step: 00092, lr: 1.00e-02, loss_pix: 0.003, loss_feat: 215.203, loss: 0.014
[2023-06-01 20:09:49,625][DEBUG] Step: 00093, lr: 1.00e-02, loss_pix: 0.003, loss_feat: 213.055, loss: 0.014
[2023-06-01 20:09:55,022][DEBUG] Step: 00094, lr: 1.00e-02, loss_pix: 0.003, loss_feat: 210.784, loss: 0.014
[2023-06-01 20:10:00,254][DEBUG] Step: 00095, lr: 1.00e-02, loss_pix: 0.003, loss_feat: 207.659, loss: 0.014
[2023-06-01 20:10:05,673][DEBUG] Step: 00096, lr: 1.00e-02, loss_pix: 0.003, loss_feat: 204.839, loss: 0.014
[2023-06-01 20:10:10,815][DEBUG] Step: 00097, lr: 1.00e-02, loss_pix: 0.003, loss_feat: 202.591, loss: 0.013
[2023-06-01 20:10:16,258][DEBUG] Step: 00098, lr: 1.00e-02, loss_pix: 0.003, loss_feat: 200.762, loss: 0.013
[2023-06-01 20:10:22,409][DEBUG] Step: 00099, lr: 1.00e-02, loss_pix: 0.003, loss_feat: 198.279, loss: 0.013
[2023-06-01 20:10:27,355][DEBUG] Step: 00100, lr: 1.00e-02, loss_pix: 0.003, loss_feat: 196.480, loss: 0.013
[2023-06-01 20:10:33,770][DEBUG] Step: 00001, lr: 1.00e-02, loss_pix: 0.019, loss_feat: 2001.498, loss: 0.119
[2023-06-01 20:10:40,229][DEBUG] Step: 00002, lr: 1.00e-02, loss_pix: 0.016, loss_feat: 1705.669, loss: 0.101
[2023-06-01 20:10:45,208][DEBUG] Step: 00003, lr: 1.00e-02, loss_pix: 0.015, loss_feat: 1575.206, loss: 0.093
[2023-06-01 20:10:50,416][DEBUG] Step: 00004, lr: 1.00e-02, loss_pix: 0.014, loss_feat: 1515.112, loss: 0.089
[2023-06-01 20:10:55,220][DEBUG] Step: 00005, lr: 1.00e-02, loss_pix: 0.013, loss_feat: 1476.985, loss: 0.087
[2023-06-01 20:11:00,039][DEBUG] Step: 00006, lr: 1.00e-02, loss_pix: 0.013, loss_feat: 1446.629, loss: 0.085
[2023-06-01 20:11:04,816][DEBUG] Step: 00007, lr: 1.00e-02, loss_pix: 0.013, loss_feat: 1416.156, loss: 0.084
[2023-06-01 20:11:09,965][DEBUG] Step: 00008, lr: 1.00e-02, loss_pix: 0.012, loss_feat: 1389.788, loss: 0.082
[2023-06-01 20:11:15,027][DEBUG] Step: 00009, lr: 1.00e-02, loss_pix: 0.011, loss_feat: 1363.291, loss: 0.079
[2023-06-01 20:11:20,109][DEBUG] Step: 00010, lr: 1.00e-02, loss_pix: 0.011, loss_feat: 1338.180, loss: 0.078
[2023-06-01 20:11:25,292][DEBUG] Step: 00011, lr: 1.00e-02, loss_pix: 0.010, loss_feat: 1316.913, loss: 0.076
[2023-06-01 20:11:30,140][DEBUG] Step: 00012, lr: 1.00e-02, loss_pix: 0.010, loss_feat: 1294.300, loss: 0.074
[2023-06-01 20:11:34,753][DEBUG] Step: 00013, lr: 1.00e-02, loss_pix: 0.010, loss_feat: 1270.230, loss: 0.073
[2023-06-01 20:11:39,591][DEBUG] Step: 00014, lr: 1.00e-02, loss_pix: 0.009, loss_feat: 1249.780, loss: 0.072
[2023-06-01 20:11:44,312][DEBUG] Step: 00015, lr: 1.00e-02, loss_pix: 0.009, loss_feat: 1231.312, loss: 0.071
[2023-06-01 20:11:48,979][DEBUG] Step: 00016, lr: 1.00e-02, loss_pix: 0.009, loss_feat: 1208.202, loss: 0.070
[2023-06-01 20:11:53,705][DEBUG] Step: 00017, lr: 1.00e-02, loss_pix: 0.009, loss_feat: 1184.241, loss: 0.068
[2023-06-01 20:11:58,613][DEBUG] Step: 00018, lr: 1.00e-02, loss_pix: 0.009, loss_feat: 1163.498, loss: 0.067
[2023-06-01 20:12:03,629][DEBUG] Step: 00019, lr: 1.00e-02, loss_pix: 0.009, loss_feat: 1145.101, loss: 0.066
[2023-06-01 20:12:08,709][DEBUG] Step: 00020, lr: 1.00e-02, loss_pix: 0.009, loss_feat: 1129.348, loss: 0.065
[2023-06-01 20:12:13,680][DEBUG] Step: 00021, lr: 1.00e-02, loss_pix: 0.009, loss_feat: 1114.232, loss: 0.064
[2023-06-01 20:12:18,451][DEBUG] Step: 00022, lr: 1.00e-02, loss_pix: 0.008, loss_feat: 1097.443, loss: 0.063
[2023-06-01 20:12:23,105][DEBUG] Step: 00023, lr: 1.00e-02, loss_pix: 0.008, loss_feat: 1078.541, loss: 0.062
[2023-06-01 20:12:27,861][DEBUG] Step: 00024, lr: 1.00e-02, loss_pix: 0.008, loss_feat: 1057.928, loss: 0.061
[2023-06-01 20:12:32,805][DEBUG] Step: 00025, lr: 1.00e-02, loss_pix: 0.008, loss_feat: 1038.226, loss: 0.060
[2023-06-01 20:12:37,758][DEBUG] Step: 00026, lr: 1.00e-02, loss_pix: 0.008, loss_feat: 1021.731, loss: 0.059
[2023-06-01 20:12:43,086][DEBUG] Step: 00027, lr: 1.00e-02, loss_pix: 0.008, loss_feat: 1002.782, loss: 0.058
[2023-06-01 20:12:48,586][DEBUG] Step: 00028, lr: 1.00e-02, loss_pix: 0.008, loss_feat: 984.128, loss: 0.057
[2023-06-01 20:12:54,577][DEBUG] Step: 00029, lr: 1.00e-02, loss_pix: 0.008, loss_feat: 965.991, loss: 0.056
[2023-06-01 20:13:00,420][DEBUG] Step: 00030, lr: 1.00e-02, loss_pix: 0.008, loss_feat: 948.558, loss: 0.055
[2023-06-01 20:13:06,242][DEBUG] Step: 00031, lr: 1.00e-02, loss_pix: 0.008, loss_feat: 930.010, loss: 0.054
[2023-06-01 20:13:11,836][DEBUG] Step: 00032, lr: 1.00e-02, loss_pix: 0.008, loss_feat: 913.680, loss: 0.053
[2023-06-01 20:13:17,022][DEBUG] Step: 00033, lr: 1.00e-02, loss_pix: 0.008, loss_feat: 898.360, loss: 0.053
[2023-06-01 20:13:22,180][DEBUG] Step: 00034, lr: 1.00e-02, loss_pix: 0.008, loss_feat: 881.877, loss: 0.052
[2023-06-01 20:13:27,127][DEBUG] Step: 00035, lr: 1.00e-02, loss_pix: 0.008, loss_feat: 866.036, loss: 0.051
[2023-06-01 20:13:31,891][DEBUG] Step: 00036, lr: 1.00e-02, loss_pix: 0.008, loss_feat: 849.781, loss: 0.050
[2023-06-01 20:13:36,965][DEBUG] Step: 00037, lr: 1.00e-02, loss_pix: 0.007, loss_feat: 832.569, loss: 0.049
[2023-06-01 20:13:42,248][DEBUG] Step: 00038, lr: 1.00e-02, loss_pix: 0.007, loss_feat: 817.576, loss: 0.048
[2023-06-01 20:13:48,035][DEBUG] Step: 00039, lr: 1.00e-02, loss_pix: 0.007, loss_feat: 802.577, loss: 0.047
[2023-06-01 20:13:53,353][DEBUG] Step: 00040, lr: 1.00e-02, loss_pix: 0.007, loss_feat: 788.589, loss: 0.047
[2023-06-01 20:13:58,508][DEBUG] Step: 00041, lr: 1.00e-02, loss_pix: 0.007, loss_feat: 775.483, loss: 0.046
[2023-06-01 20:14:03,774][DEBUG] Step: 00042, lr: 1.00e-02, loss_pix: 0.007, loss_feat: 761.850, loss: 0.045
[2023-06-01 20:14:09,894][DEBUG] Step: 00043, lr: 1.00e-02, loss_pix: 0.007, loss_feat: 747.760, loss: 0.045
[2023-06-01 20:14:15,737][DEBUG] Step: 00044, lr: 1.00e-02, loss_pix: 0.007, loss_feat: 733.758, loss: 0.044
[2023-06-01 20:14:22,033][DEBUG] Step: 00045, lr: 1.00e-02, loss_pix: 0.007, loss_feat: 720.239, loss: 0.043
[2023-06-01 20:14:27,007][DEBUG] Step: 00046, lr: 1.00e-02, loss_pix: 0.007, loss_feat: 708.420, loss: 0.043
[2023-06-01 20:14:32,360][DEBUG] Step: 00047, lr: 1.00e-02, loss_pix: 0.007, loss_feat: 696.743, loss: 0.042
[2023-06-01 20:14:41,593][DEBUG] Step: 00048, lr: 1.00e-02, loss_pix: 0.007, loss_feat: 685.738, loss: 0.041
[2023-06-01 20:14:51,131][DEBUG] Step: 00049, lr: 1.00e-02, loss_pix: 0.007, loss_feat: 673.820, loss: 0.041
[2023-06-01 20:14:56,780][DEBUG] Step: 00050, lr: 1.00e-02, loss_pix: 0.007, loss_feat: 661.757, loss: 0.040
[2023-06-01 20:15:01,998][DEBUG] Step: 00051, lr: 1.00e-02, loss_pix: 0.007, loss_feat: 651.678, loss: 0.039
[2023-06-01 20:15:07,870][DEBUG] Step: 00052, lr: 1.00e-02, loss_pix: 0.007, loss_feat: 640.609, loss: 0.039
[2023-06-01 20:15:13,064][DEBUG] Step: 00053, lr: 1.00e-02, loss_pix: 0.007, loss_feat: 631.665, loss: 0.038
[2023-06-01 20:15:18,094][DEBUG] Step: 00054, lr: 1.00e-02, loss_pix: 0.007, loss_feat: 620.921, loss: 0.038
[2023-06-01 20:15:24,695][DEBUG] Step: 00055, lr: 1.00e-02, loss_pix: 0.007, loss_feat: 611.675, loss: 0.037
[2023-06-01 20:15:32,157][DEBUG] Step: 00056, lr: 1.00e-02, loss_pix: 0.007, loss_feat: 601.316, loss: 0.037
[2023-06-01 20:15:37,994][DEBUG] Step: 00057, lr: 1.00e-02, loss_pix: 0.007, loss_feat: 591.469, loss: 0.036
[2023-06-01 20:15:43,330][DEBUG] Step: 00058, lr: 1.00e-02, loss_pix: 0.007, loss_feat: 580.171, loss: 0.036
[2023-06-01 20:15:49,001][DEBUG] Step: 00059, lr: 1.00e-02, loss_pix: 0.007, loss_feat: 568.737, loss: 0.035
[2023-06-01 20:15:54,447][DEBUG] Step: 00060, lr: 1.00e-02, loss_pix: 0.007, loss_feat: 558.164, loss: 0.035
[2023-06-01 20:15:59,673][DEBUG] Step: 00061, lr: 1.00e-02, loss_pix: 0.007, loss_feat: 546.974, loss: 0.034
[2023-06-01 20:16:04,844][DEBUG] Step: 00062, lr: 1.00e-02, loss_pix: 0.007, loss_feat: 535.162, loss: 0.033
[2023-06-01 20:16:10,564][DEBUG] Step: 00063, lr: 1.00e-02, loss_pix: 0.007, loss_feat: 522.792, loss: 0.033
[2023-06-01 20:16:15,773][DEBUG] Step: 00064, lr: 1.00e-02, loss_pix: 0.007, loss_feat: 511.105, loss: 0.032
[2023-06-01 20:16:20,714][DEBUG] Step: 00065, lr: 1.00e-02, loss_pix: 0.007, loss_feat: 502.044, loss: 0.032
[2023-06-01 20:16:26,637][DEBUG] Step: 00066, lr: 1.00e-02, loss_pix: 0.007, loss_feat: 495.611, loss: 0.031
[2023-06-01 20:16:33,383][DEBUG] Step: 00067, lr: 1.00e-02, loss_pix: 0.007, loss_feat: 484.208, loss: 0.031
[2023-06-01 20:16:39,725][DEBUG] Step: 00068, lr: 1.00e-02, loss_pix: 0.006, loss_feat: 473.934, loss: 0.030
[2023-06-01 20:16:45,533][DEBUG] Step: 00069, lr: 1.00e-02, loss_pix: 0.006, loss_feat: 464.679, loss: 0.030
[2023-06-01 20:16:51,324][DEBUG] Step: 00070, lr: 1.00e-02, loss_pix: 0.006, loss_feat: 456.936, loss: 0.029
[2023-06-01 20:16:58,424][DEBUG] Step: 00071, lr: 1.00e-02, loss_pix: 0.006, loss_feat: 450.923, loss: 0.029
[2023-06-01 20:17:03,487][DEBUG] Step: 00072, lr: 1.00e-02, loss_pix: 0.006, loss_feat: 442.553, loss: 0.028
[2023-06-01 20:17:08,722][DEBUG] Step: 00073, lr: 1.00e-02, loss_pix: 0.006, loss_feat: 435.315, loss: 0.028
[2023-06-01 20:17:13,941][DEBUG] Step: 00074, lr: 1.00e-02, loss_pix: 0.006, loss_feat: 428.536, loss: 0.028
[2023-06-01 20:17:19,113][DEBUG] Step: 00075, lr: 1.00e-02, loss_pix: 0.006, loss_feat: 421.511, loss: 0.027
[2023-06-01 20:17:24,050][DEBUG] Step: 00076, lr: 1.00e-02, loss_pix: 0.006, loss_feat: 416.028, loss: 0.027
[2023-06-01 20:17:28,914][DEBUG] Step: 00077, lr: 1.00e-02, loss_pix: 0.006, loss_feat: 408.750, loss: 0.027
[2023-06-01 20:17:33,930][DEBUG] Step: 00078, lr: 1.00e-02, loss_pix: 0.006, loss_feat: 403.637, loss: 0.026
[2023-06-01 20:17:39,099][DEBUG] Step: 00079, lr: 1.00e-02, loss_pix: 0.006, loss_feat: 396.637, loss: 0.026
[2023-06-01 20:17:44,952][DEBUG] Step: 00080, lr: 1.00e-02, loss_pix: 0.006, loss_feat: 391.848, loss: 0.026
[2023-06-01 20:17:50,060][DEBUG] Step: 00081, lr: 1.00e-02, loss_pix: 0.006, loss_feat: 393.947, loss: 0.026
[2023-06-01 20:17:55,159][DEBUG] Step: 00082, lr: 1.00e-02, loss_pix: 0.006, loss_feat: 398.309, loss: 0.026
[2023-06-01 20:18:00,191][DEBUG] Step: 00083, lr: 1.00e-02, loss_pix: 0.006, loss_feat: 375.554, loss: 0.025
[2023-06-01 20:18:06,141][DEBUG] Step: 00084, lr: 1.00e-02, loss_pix: 0.006, loss_feat: 371.856, loss: 0.025
[2023-06-01 20:18:12,246][DEBUG] Step: 00085, lr: 1.00e-02, loss_pix: 0.006, loss_feat: 371.341, loss: 0.025
[2023-06-01 20:18:17,479][DEBUG] Step: 00086, lr: 1.00e-02, loss_pix: 0.006, loss_feat: 358.532, loss: 0.024
[2023-06-01 20:18:22,669][DEBUG] Step: 00087, lr: 1.00e-02, loss_pix: 0.006, loss_feat: 358.423, loss: 0.024
[2023-06-01 20:18:27,665][DEBUG] Step: 00088, lr: 1.00e-02, loss_pix: 0.006, loss_feat: 353.673, loss: 0.024
[2023-06-01 20:18:32,929][DEBUG] Step: 00089, lr: 1.00e-02, loss_pix: 0.006, loss_feat: 346.725, loss: 0.023
[2023-06-01 20:18:38,002][DEBUG] Step: 00090, lr: 1.00e-02, loss_pix: 0.006, loss_feat: 341.996, loss: 0.023
[2023-06-01 20:18:42,984][DEBUG] Step: 00091, lr: 1.00e-02, loss_pix: 0.006, loss_feat: 336.617, loss: 0.023
[2023-06-01 20:18:47,838][DEBUG] Step: 00092, lr: 1.00e-02, loss_pix: 0.006, loss_feat: 330.412, loss: 0.022
[2023-06-01 20:18:52,811][DEBUG] Step: 00093, lr: 1.00e-02, loss_pix: 0.006, loss_feat: 325.118, loss: 0.022
[2023-06-01 20:18:57,885][DEBUG] Step: 00094, lr: 1.00e-02, loss_pix: 0.006, loss_feat: 322.513, loss: 0.022
[2023-06-01 20:19:03,054][DEBUG] Step: 00095, lr: 1.00e-02, loss_pix: 0.006, loss_feat: 314.737, loss: 0.022
[2023-06-01 20:19:08,154][DEBUG] Step: 00096, lr: 1.00e-02, loss_pix: 0.006, loss_feat: 311.641, loss: 0.021
[2023-06-01 20:19:12,924][DEBUG] Step: 00097, lr: 1.00e-02, loss_pix: 0.006, loss_feat: 307.916, loss: 0.021
[2023-06-01 20:19:17,957][DEBUG] Step: 00098, lr: 1.00e-02, loss_pix: 0.006, loss_feat: 303.568, loss: 0.021
[2023-06-01 20:19:23,346][DEBUG] Step: 00099, lr: 1.00e-02, loss_pix: 0.006, loss_feat: 300.478, loss: 0.021
[2023-06-01 20:19:29,080][DEBUG] Step: 00100, lr: 1.00e-02, loss_pix: 0.006, loss_feat: 296.616, loss: 0.020
[2023-06-01 20:19:35,712][DEBUG] Step: 00001, lr: 1.00e-02, loss_pix: 0.022, loss_feat: 1903.960, loss: 0.117
[2023-06-01 20:19:42,279][DEBUG] Step: 00002, lr: 1.00e-02, loss_pix: 0.016, loss_feat: 1703.827, loss: 0.101
[2023-06-01 20:19:48,001][DEBUG] Step: 00003, lr: 1.00e-02, loss_pix: 0.014, loss_feat: 1621.789, loss: 0.095
[2023-06-01 20:19:53,243][DEBUG] Step: 00004, lr: 1.00e-02, loss_pix: 0.013, loss_feat: 1520.729, loss: 0.089
[2023-06-01 20:19:58,736][DEBUG] Step: 00005, lr: 1.00e-02, loss_pix: 0.012, loss_feat: 1433.512, loss: 0.084
[2023-06-01 20:20:04,099][DEBUG] Step: 00006, lr: 1.00e-02, loss_pix: 0.012, loss_feat: 1391.077, loss: 0.082
[2023-06-01 20:20:09,715][DEBUG] Step: 00007, lr: 1.00e-02, loss_pix: 0.012, loss_feat: 1364.403, loss: 0.080
[2023-06-01 20:20:20,264][DEBUG] Step: 00008, lr: 1.00e-02, loss_pix: 0.011, loss_feat: 1329.928, loss: 0.078
[2023-06-01 20:20:28,927][DEBUG] Step: 00009, lr: 1.00e-02, loss_pix: 0.010, loss_feat: 1290.039, loss: 0.075
[2023-06-01 20:20:34,439][DEBUG] Step: 00010, lr: 1.00e-02, loss_pix: 0.010, loss_feat: 1252.790, loss: 0.072
[2023-06-01 20:20:39,814][DEBUG] Step: 00011, lr: 1.00e-02, loss_pix: 0.010, loss_feat: 1220.099, loss: 0.071
[2023-06-01 20:20:45,270][DEBUG] Step: 00012, lr: 1.00e-02, loss_pix: 0.010, loss_feat: 1186.392, loss: 0.069
[2023-06-01 20:20:51,095][DEBUG] Step: 00013, lr: 1.00e-02, loss_pix: 0.009, loss_feat: 1156.499, loss: 0.067
[2023-06-01 20:20:57,437][DEBUG] Step: 00014, lr: 1.00e-02, loss_pix: 0.009, loss_feat: 1126.841, loss: 0.066
[2023-06-01 20:21:03,399][DEBUG] Step: 00015, lr: 1.00e-02, loss_pix: 0.009, loss_feat: 1098.658, loss: 0.064
[2023-06-01 20:21:08,689][DEBUG] Step: 00016, lr: 1.00e-02, loss_pix: 0.009, loss_feat: 1080.167, loss: 0.063
[2023-06-01 20:21:13,727][DEBUG] Step: 00017, lr: 1.00e-02, loss_pix: 0.009, loss_feat: 1058.819, loss: 0.062
[2023-06-01 20:21:18,409][DEBUG] Step: 00018, lr: 1.00e-02, loss_pix: 0.009, loss_feat: 1028.950, loss: 0.060
[2023-06-01 20:21:23,088][DEBUG] Step: 00019, lr: 1.00e-02, loss_pix: 0.009, loss_feat: 1004.236, loss: 0.059
[2023-06-01 20:21:27,943][DEBUG] Step: 00020, lr: 1.00e-02, loss_pix: 0.009, loss_feat: 983.258, loss: 0.058
[2023-06-01 20:21:32,755][DEBUG] Step: 00021, lr: 1.00e-02, loss_pix: 0.009, loss_feat: 962.881, loss: 0.057
[2023-06-01 20:21:37,702][DEBUG] Step: 00022, lr: 1.00e-02, loss_pix: 0.009, loss_feat: 945.326, loss: 0.056
[2023-06-01 20:21:42,881][DEBUG] Step: 00023, lr: 1.00e-02, loss_pix: 0.009, loss_feat: 923.562, loss: 0.055
[2023-06-01 20:21:48,127][DEBUG] Step: 00024, lr: 1.00e-02, loss_pix: 0.008, loss_feat: 896.471, loss: 0.053
[2023-06-01 20:21:53,218][DEBUG] Step: 00025, lr: 1.00e-02, loss_pix: 0.008, loss_feat: 877.264, loss: 0.052
[2023-06-01 20:21:58,245][DEBUG] Step: 00026, lr: 1.00e-02, loss_pix: 0.008, loss_feat: 852.055, loss: 0.051
[2023-06-01 20:22:03,085][DEBUG] Step: 00027, lr: 1.00e-02, loss_pix: 0.008, loss_feat: 828.206, loss: 0.050
[2023-06-01 20:22:07,726][DEBUG] Step: 00028, lr: 1.00e-02, loss_pix: 0.008, loss_feat: 809.922, loss: 0.049
[2023-06-01 20:22:12,371][DEBUG] Step: 00029, lr: 1.00e-02, loss_pix: 0.008, loss_feat: 790.770, loss: 0.048
[2023-06-01 20:22:17,113][DEBUG] Step: 00030, lr: 1.00e-02, loss_pix: 0.008, loss_feat: 774.660, loss: 0.047
[2023-06-01 20:22:21,911][DEBUG] Step: 00031, lr: 1.00e-02, loss_pix: 0.008, loss_feat: 756.784, loss: 0.046
[2023-06-01 20:22:26,781][DEBUG] Step: 00032, lr: 1.00e-02, loss_pix: 0.008, loss_feat: 736.827, loss: 0.045
[2023-06-01 20:22:31,825][DEBUG] Step: 00033, lr: 1.00e-02, loss_pix: 0.008, loss_feat: 717.678, loss: 0.044
[2023-06-01 20:22:36,883][DEBUG] Step: 00034, lr: 1.00e-02, loss_pix: 0.008, loss_feat: 704.114, loss: 0.043
[2023-06-01 20:22:42,148][DEBUG] Step: 00035, lr: 1.00e-02, loss_pix: 0.008, loss_feat: 689.012, loss: 0.043
[2023-06-01 20:22:47,311][DEBUG] Step: 00036, lr: 1.00e-02, loss_pix: 0.008, loss_feat: 677.725, loss: 0.042
[2023-06-01 20:22:52,617][DEBUG] Step: 00037, lr: 1.00e-02, loss_pix: 0.008, loss_feat: 663.781, loss: 0.041
[2023-06-01 20:22:57,343][DEBUG] Step: 00038, lr: 1.00e-02, loss_pix: 0.008, loss_feat: 650.286, loss: 0.041
[2023-06-01 20:23:02,125][DEBUG] Step: 00039, lr: 1.00e-02, loss_pix: 0.008, loss_feat: 642.586, loss: 0.040
[2023-06-01 20:23:06,927][DEBUG] Step: 00040, lr: 1.00e-02, loss_pix: 0.008, loss_feat: 630.352, loss: 0.039
[2023-06-01 20:23:11,747][DEBUG] Step: 00041, lr: 1.00e-02, loss_pix: 0.008, loss_feat: 619.689, loss: 0.039
[2023-06-01 20:23:16,822][DEBUG] Step: 00042, lr: 1.00e-02, loss_pix: 0.008, loss_feat: 605.736, loss: 0.038
[2023-06-01 20:23:21,908][DEBUG] Step: 00043, lr: 1.00e-02, loss_pix: 0.008, loss_feat: 593.202, loss: 0.037
[2023-06-01 20:23:27,104][DEBUG] Step: 00044, lr: 1.00e-02, loss_pix: 0.008, loss_feat: 581.058, loss: 0.037
[2023-06-01 20:23:32,128][DEBUG] Step: 00045, lr: 1.00e-02, loss_pix: 0.008, loss_feat: 570.577, loss: 0.036
[2023-06-01 20:23:37,070][DEBUG] Step: 00046, lr: 1.00e-02, loss_pix: 0.008, loss_feat: 556.457, loss: 0.035
[2023-06-01 20:23:41,885][DEBUG] Step: 00047, lr: 1.00e-02, loss_pix: 0.008, loss_feat: 548.841, loss: 0.035
[2023-06-01 20:23:46,940][DEBUG] Step: 00048, lr: 1.00e-02, loss_pix: 0.007, loss_feat: 539.099, loss: 0.034
[2023-06-01 20:23:52,002][DEBUG] Step: 00049, lr: 1.00e-02, loss_pix: 0.007, loss_feat: 531.402, loss: 0.034
[2023-06-01 20:23:57,038][DEBUG] Step: 00050, lr: 1.00e-02, loss_pix: 0.007, loss_feat: 521.549, loss: 0.033
[2023-06-01 20:24:01,993][DEBUG] Step: 00051, lr: 1.00e-02, loss_pix: 0.007, loss_feat: 511.541, loss: 0.033
[2023-06-01 20:24:06,805][DEBUG] Step: 00052, lr: 1.00e-02, loss_pix: 0.007, loss_feat: 502.409, loss: 0.032
[2023-06-01 20:24:11,689][DEBUG] Step: 00053, lr: 1.00e-02, loss_pix: 0.007, loss_feat: 499.704, loss: 0.032
[2023-06-01 20:24:16,628][DEBUG] Step: 00054, lr: 1.00e-02, loss_pix: 0.007, loss_feat: 489.958, loss: 0.032
[2023-06-01 20:24:21,824][DEBUG] Step: 00055, lr: 1.00e-02, loss_pix: 0.007, loss_feat: 482.667, loss: 0.031
[2023-06-01 20:24:27,004][DEBUG] Step: 00056, lr: 1.00e-02, loss_pix: 0.007, loss_feat: 471.836, loss: 0.031
[2023-06-01 20:24:32,396][DEBUG] Step: 00057, lr: 1.00e-02, loss_pix: 0.007, loss_feat: 468.098, loss: 0.030
[2023-06-01 20:24:37,147][DEBUG] Step: 00058, lr: 1.00e-02, loss_pix: 0.007, loss_feat: 462.339, loss: 0.030
[2023-06-01 20:24:41,986][DEBUG] Step: 00059, lr: 1.00e-02, loss_pix: 0.007, loss_feat: 450.236, loss: 0.029
[2023-06-01 20:24:46,881][DEBUG] Step: 00060, lr: 1.00e-02, loss_pix: 0.007, loss_feat: 444.721, loss: 0.029
[2023-06-01 20:24:51,831][DEBUG] Step: 00061, lr: 1.00e-02, loss_pix: 0.007, loss_feat: 440.593, loss: 0.029
[2023-06-01 20:24:56,855][DEBUG] Step: 00062, lr: 1.00e-02, loss_pix: 0.007, loss_feat: 429.946, loss: 0.028
[2023-06-01 20:25:02,175][DEBUG] Step: 00063, lr: 1.00e-02, loss_pix: 0.007, loss_feat: 428.119, loss: 0.028
[2023-06-01 20:25:07,414][DEBUG] Step: 00064, lr: 1.00e-02, loss_pix: 0.007, loss_feat: 426.969, loss: 0.028
[2023-06-01 20:25:12,305][DEBUG] Step: 00065, lr: 1.00e-02, loss_pix: 0.007, loss_feat: 413.911, loss: 0.027
[2023-06-01 20:25:17,251][DEBUG] Step: 00066, lr: 1.00e-02, loss_pix: 0.007, loss_feat: 410.885, loss: 0.027
[2023-06-01 20:25:22,503][DEBUG] Step: 00067, lr: 1.00e-02, loss_pix: 0.007, loss_feat: 402.729, loss: 0.027
[2023-06-01 20:25:27,565][DEBUG] Step: 00068, lr: 1.00e-02, loss_pix: 0.007, loss_feat: 397.040, loss: 0.026
[2023-06-01 20:25:32,942][DEBUG] Step: 00069, lr: 1.00e-02, loss_pix: 0.007, loss_feat: 390.177, loss: 0.026
[2023-06-01 20:25:37,814][DEBUG] Step: 00070, lr: 1.00e-02, loss_pix: 0.007, loss_feat: 386.145, loss: 0.026
[2023-06-01 20:25:42,617][DEBUG] Step: 00071, lr: 1.00e-02, loss_pix: 0.007, loss_feat: 379.541, loss: 0.026
[2023-06-01 20:25:47,598][DEBUG] Step: 00072, lr: 1.00e-02, loss_pix: 0.007, loss_feat: 376.680, loss: 0.025
[2023-06-01 20:25:52,684][DEBUG] Step: 00073, lr: 1.00e-02, loss_pix: 0.006, loss_feat: 370.994, loss: 0.025
[2023-06-01 20:25:57,761][DEBUG] Step: 00074, lr: 1.00e-02, loss_pix: 0.006, loss_feat: 367.404, loss: 0.025
[2023-06-01 20:26:02,762][DEBUG] Step: 00075, lr: 1.00e-02, loss_pix: 0.006, loss_feat: 356.599, loss: 0.024
[2023-06-01 20:26:07,567][DEBUG] Step: 00076, lr: 1.00e-02, loss_pix: 0.006, loss_feat: 357.939, loss: 0.024
[2023-06-01 20:26:12,498][DEBUG] Step: 00077, lr: 1.00e-02, loss_pix: 0.006, loss_feat: 346.640, loss: 0.024
[2023-06-01 20:26:17,605][DEBUG] Step: 00078, lr: 1.00e-02, loss_pix: 0.006, loss_feat: 343.464, loss: 0.024
[2023-06-01 20:26:22,766][DEBUG] Step: 00079, lr: 1.00e-02, loss_pix: 0.006, loss_feat: 339.811, loss: 0.023
[2023-06-01 20:26:28,232][DEBUG] Step: 00080, lr: 1.00e-02, loss_pix: 0.006, loss_feat: 333.785, loss: 0.023
[2023-06-01 20:26:33,538][DEBUG] Step: 00081, lr: 1.00e-02, loss_pix: 0.006, loss_feat: 327.947, loss: 0.023
[2023-06-01 20:26:38,726][DEBUG] Step: 00082, lr: 1.00e-02, loss_pix: 0.006, loss_feat: 324.983, loss: 0.023
[2023-06-01 20:26:44,045][DEBUG] Step: 00083, lr: 1.00e-02, loss_pix: 0.006, loss_feat: 320.192, loss: 0.022
[2023-06-01 20:26:49,418][DEBUG] Step: 00084, lr: 1.00e-02, loss_pix: 0.006, loss_feat: 315.625, loss: 0.022
[2023-06-01 20:26:54,970][DEBUG] Step: 00085, lr: 1.00e-02, loss_pix: 0.006, loss_feat: 309.618, loss: 0.022
[2023-06-01 20:27:00,398][DEBUG] Step: 00086, lr: 1.00e-02, loss_pix: 0.006, loss_feat: 306.183, loss: 0.022
[2023-06-01 20:27:05,742][DEBUG] Step: 00087, lr: 1.00e-02, loss_pix: 0.006, loss_feat: 300.686, loss: 0.021
[2023-06-01 20:27:11,256][DEBUG] Step: 00088, lr: 1.00e-02, loss_pix: 0.006, loss_feat: 297.931, loss: 0.021
[2023-06-01 20:27:16,602][DEBUG] Step: 00089, lr: 1.00e-02, loss_pix: 0.006, loss_feat: 296.460, loss: 0.021
[2023-06-01 20:27:21,987][DEBUG] Step: 00090, lr: 1.00e-02, loss_pix: 0.006, loss_feat: 295.613, loss: 0.021
[2023-06-01 20:27:27,570][DEBUG] Step: 00091, lr: 1.00e-02, loss_pix: 0.006, loss_feat: 287.365, loss: 0.021
[2023-06-01 20:27:33,214][DEBUG] Step: 00092, lr: 1.00e-02, loss_pix: 0.006, loss_feat: 283.673, loss: 0.020
[2023-06-01 20:27:38,830][DEBUG] Step: 00093, lr: 1.00e-02, loss_pix: 0.006, loss_feat: 285.099, loss: 0.020
[2023-06-01 20:27:44,179][DEBUG] Step: 00094, lr: 1.00e-02, loss_pix: 0.006, loss_feat: 279.633, loss: 0.020
[2023-06-01 20:27:49,502][DEBUG] Step: 00095, lr: 1.00e-02, loss_pix: 0.006, loss_feat: 275.895, loss: 0.020
[2023-06-01 20:27:54,918][DEBUG] Step: 00096, lr: 1.00e-02, loss_pix: 0.006, loss_feat: 272.127, loss: 0.020
[2023-06-01 20:28:00,204][DEBUG] Step: 00097, lr: 1.00e-02, loss_pix: 0.006, loss_feat: 271.919, loss: 0.020
[2023-06-01 20:28:05,713][DEBUG] Step: 00098, lr: 1.00e-02, loss_pix: 0.006, loss_feat: 266.444, loss: 0.020
[2023-06-01 20:28:11,349][DEBUG] Step: 00099, lr: 1.00e-02, loss_pix: 0.006, loss_feat: 264.303, loss: 0.019
[2023-06-01 20:28:17,288][DEBUG] Step: 00100, lr: 1.00e-02, loss_pix: 0.006, loss_feat: 262.975, loss: 0.019
[2023-06-01 20:58:10,390][INFO] Loading model.
[2023-06-01 20:58:10,391][INFO] Build network for module `generator` in model `styleganinv_ffhq256`.
[2023-06-01 20:58:10,651][INFO] Loading pytorch weights from `models\pretrain\styleganinv_ffhq256_generator.pth`.
[2023-06-01 20:58:11,196][INFO] Successfully loaded!
[2023-06-01 20:58:11,218][INFO] Current `lod` is 0.0.
[2023-06-01 20:58:11,219][INFO] Build network for module `encoder` in model `styleganinv_ffhq256`.
[2023-06-01 20:58:12,495][INFO] Loading pytorch weights from `models\pretrain\styleganinv_ffhq256_encoder.pth`.
[2023-06-01 20:58:15,832][INFO] Successfully loaded!
[2023-06-01 20:58:16,304][INFO] Loading target images and context images.
[2023-06-01 20:58:16,307][INFO] Start diffusion.
[2023-06-01 20:58:18,951][DEBUG] Step: 00001, lr: 1.00e-02, loss_pix: 0.013, loss_feat: 1620.662, loss: 0.094
[2023-06-01 20:58:23,477][DEBUG] Step: 00002, lr: 1.00e-02, loss_pix: 0.011, loss_feat: 1376.518, loss: 0.080
[2023-06-01 20:58:27,907][DEBUG] Step: 00003, lr: 1.00e-02, loss_pix: 0.010, loss_feat: 1281.543, loss: 0.074
[2023-06-01 20:58:32,177][DEBUG] Step: 00004, lr: 1.00e-02, loss_pix: 0.009, loss_feat: 1251.117, loss: 0.072
[2023-06-01 20:58:36,492][DEBUG] Step: 00005, lr: 1.00e-02, loss_pix: 0.009, loss_feat: 1232.622, loss: 0.070
[2023-06-01 20:58:40,808][DEBUG] Step: 00006, lr: 1.00e-02, loss_pix: 0.008, loss_feat: 1204.607, loss: 0.069
[2023-06-01 20:58:45,127][DEBUG] Step: 00007, lr: 1.00e-02, loss_pix: 0.008, loss_feat: 1193.909, loss: 0.068
[2023-06-01 20:58:49,509][DEBUG] Step: 00008, lr: 1.00e-02, loss_pix: 0.008, loss_feat: 1178.202, loss: 0.067
[2023-06-01 20:58:53,927][DEBUG] Step: 00009, lr: 1.00e-02, loss_pix: 0.008, loss_feat: 1159.714, loss: 0.066
[2023-06-01 20:58:58,296][DEBUG] Step: 00010, lr: 1.00e-02, loss_pix: 0.008, loss_feat: 1142.418, loss: 0.065
[2023-06-01 20:59:02,591][DEBUG] Step: 00011, lr: 1.00e-02, loss_pix: 0.008, loss_feat: 1130.779, loss: 0.064
[2023-06-01 20:59:07,077][DEBUG] Step: 00012, lr: 1.00e-02, loss_pix: 0.007, loss_feat: 1114.481, loss: 0.063
[2023-06-01 20:59:12,070][DEBUG] Step: 00013, lr: 1.00e-02, loss_pix: 0.007, loss_feat: 1095.845, loss: 0.062
[2023-06-01 20:59:16,989][DEBUG] Step: 00014, lr: 1.00e-02, loss_pix: 0.007, loss_feat: 1078.583, loss: 0.061
[2023-06-01 20:59:22,166][DEBUG] Step: 00015, lr: 1.00e-02, loss_pix: 0.007, loss_feat: 1061.523, loss: 0.060
[2023-06-01 20:59:27,390][DEBUG] Step: 00016, lr: 1.00e-02, loss_pix: 0.007, loss_feat: 1043.561, loss: 0.059
[2023-06-01 20:59:32,709][DEBUG] Step: 00017, lr: 1.00e-02, loss_pix: 0.006, loss_feat: 1027.851, loss: 0.058
[2023-06-01 20:59:38,357][DEBUG] Step: 00018, lr: 1.00e-02, loss_pix: 0.006, loss_feat: 1011.872, loss: 0.057
[2023-06-01 20:59:44,157][DEBUG] Step: 00019, lr: 1.00e-02, loss_pix: 0.006, loss_feat: 994.401, loss: 0.056
[2023-06-01 20:59:49,661][DEBUG] Step: 00020, lr: 1.00e-02, loss_pix: 0.006, loss_feat: 975.921, loss: 0.054
[2023-06-01 20:59:54,923][DEBUG] Step: 00021, lr: 1.00e-02, loss_pix: 0.005, loss_feat: 957.599, loss: 0.053
[2023-06-01 20:59:59,891][DEBUG] Step: 00022, lr: 1.00e-02, loss_pix: 0.005, loss_feat: 941.009, loss: 0.052
[2023-06-01 21:00:04,676][DEBUG] Step: 00023, lr: 1.00e-02, loss_pix: 0.005, loss_feat: 922.658, loss: 0.051
[2023-06-01 21:00:09,276][DEBUG] Step: 00024, lr: 1.00e-02, loss_pix: 0.005, loss_feat: 912.620, loss: 0.051
[2023-06-01 21:00:13,940][DEBUG] Step: 00025, lr: 1.00e-02, loss_pix: 0.005, loss_feat: 895.943, loss: 0.050
[2023-06-01 21:00:18,825][DEBUG] Step: 00026, lr: 1.00e-02, loss_pix: 0.005, loss_feat: 878.852, loss: 0.049
[2023-06-01 21:00:23,911][DEBUG] Step: 00027, lr: 1.00e-02, loss_pix: 0.005, loss_feat: 853.461, loss: 0.047
[2023-06-01 21:00:28,949][DEBUG] Step: 00028, lr: 1.00e-02, loss_pix: 0.005, loss_feat: 841.987, loss: 0.047
[2023-06-01 21:00:33,972][DEBUG] Step: 00029, lr: 1.00e-02, loss_pix: 0.005, loss_feat: 815.044, loss: 0.045
[2023-06-01 21:00:39,185][DEBUG] Step: 00030, lr: 1.00e-02, loss_pix: 0.005, loss_feat: 800.009, loss: 0.045
[2023-06-01 21:00:44,374][DEBUG] Step: 00031, lr: 1.00e-02, loss_pix: 0.004, loss_feat: 781.127, loss: 0.043
[2023-06-01 21:00:49,260][DEBUG] Step: 00032, lr: 1.00e-02, loss_pix: 0.004, loss_feat: 763.990, loss: 0.042
[2023-06-01 21:00:54,046][DEBUG] Step: 00033, lr: 1.00e-02, loss_pix: 0.004, loss_feat: 747.732, loss: 0.042
[2023-06-01 21:00:58,837][DEBUG] Step: 00034, lr: 1.00e-02, loss_pix: 0.004, loss_feat: 725.982, loss: 0.040
[2023-06-01 21:01:03,831][DEBUG] Step: 00035, lr: 1.00e-02, loss_pix: 0.004, loss_feat: 704.204, loss: 0.039
[2023-06-01 21:01:08,727][DEBUG] Step: 00036, lr: 1.00e-02, loss_pix: 0.004, loss_feat: 683.109, loss: 0.038
[2023-06-01 21:01:13,841][DEBUG] Step: 00037, lr: 1.00e-02, loss_pix: 0.004, loss_feat: 660.305, loss: 0.037
[2023-06-01 21:01:19,395][DEBUG] Step: 00038, lr: 1.00e-02, loss_pix: 0.003, loss_feat: 646.856, loss: 0.036
[2023-06-01 21:01:24,659][DEBUG] Step: 00039, lr: 1.00e-02, loss_pix: 0.003, loss_feat: 629.705, loss: 0.035
[2023-06-01 21:01:29,429][DEBUG] Step: 00040, lr: 1.00e-02, loss_pix: 0.003, loss_feat: 608.123, loss: 0.034
[2023-06-01 21:01:35,937][DEBUG] Step: 00041, lr: 1.00e-02, loss_pix: 0.003, loss_feat: 590.786, loss: 0.033
[2023-06-01 21:01:40,939][DEBUG] Step: 00042, lr: 1.00e-02, loss_pix: 0.003, loss_feat: 573.842, loss: 0.032
[2023-06-01 21:01:46,489][DEBUG] Step: 00043, lr: 1.00e-02, loss_pix: 0.003, loss_feat: 558.320, loss: 0.031
[2023-06-01 21:01:52,105][DEBUG] Step: 00044, lr: 1.00e-02, loss_pix: 0.003, loss_feat: 544.848, loss: 0.030
[2023-06-01 21:01:58,020][DEBUG] Step: 00045, lr: 1.00e-02, loss_pix: 0.003, loss_feat: 527.368, loss: 0.029
[2023-06-01 21:02:03,467][DEBUG] Step: 00046, lr: 1.00e-02, loss_pix: 0.003, loss_feat: 511.948, loss: 0.028
[2023-06-01 21:02:08,414][DEBUG] Step: 00047, lr: 1.00e-02, loss_pix: 0.003, loss_feat: 494.873, loss: 0.027
[2023-06-01 21:02:14,095][DEBUG] Step: 00048, lr: 1.00e-02, loss_pix: 0.003, loss_feat: 482.473, loss: 0.027
[2023-06-01 21:02:19,746][DEBUG] Step: 00049, lr: 1.00e-02, loss_pix: 0.003, loss_feat: 467.068, loss: 0.026
[2023-06-01 21:02:25,255][DEBUG] Step: 00050, lr: 1.00e-02, loss_pix: 0.003, loss_feat: 455.441, loss: 0.025
[2023-06-01 21:02:30,545][DEBUG] Step: 00051, lr: 1.00e-02, loss_pix: 0.003, loss_feat: 444.752, loss: 0.025
[2023-06-01 21:02:35,601][DEBUG] Step: 00052, lr: 1.00e-02, loss_pix: 0.003, loss_feat: 435.723, loss: 0.024
[2023-06-01 21:02:40,934][DEBUG] Step: 00053, lr: 1.00e-02, loss_pix: 0.003, loss_feat: 425.519, loss: 0.024
[2023-06-01 21:02:46,195][DEBUG] Step: 00054, lr: 1.00e-02, loss_pix: 0.003, loss_feat: 417.804, loss: 0.023
[2023-06-01 21:02:51,917][DEBUG] Step: 00055, lr: 1.00e-02, loss_pix: 0.003, loss_feat: 407.127, loss: 0.023
[2023-06-01 21:02:56,990][DEBUG] Step: 00056, lr: 1.00e-02, loss_pix: 0.003, loss_feat: 396.763, loss: 0.022
[2023-06-01 21:03:02,207][DEBUG] Step: 00057, lr: 1.00e-02, loss_pix: 0.002, loss_feat: 388.874, loss: 0.022
[2023-06-01 21:03:07,263][DEBUG] Step: 00058, lr: 1.00e-02, loss_pix: 0.002, loss_feat: 380.697, loss: 0.021
[2023-06-01 21:03:12,404][DEBUG] Step: 00059, lr: 1.00e-02, loss_pix: 0.002, loss_feat: 371.388, loss: 0.021
[2023-06-01 21:03:17,811][DEBUG] Step: 00060, lr: 1.00e-02, loss_pix: 0.002, loss_feat: 363.273, loss: 0.021
[2023-06-01 21:03:22,772][DEBUG] Step: 00061, lr: 1.00e-02, loss_pix: 0.002, loss_feat: 356.112, loss: 0.020
[2023-06-01 21:03:27,671][DEBUG] Step: 00062, lr: 1.00e-02, loss_pix: 0.002, loss_feat: 349.289, loss: 0.020
[2023-06-01 21:03:32,669][DEBUG] Step: 00063, lr: 1.00e-02, loss_pix: 0.002, loss_feat: 340.153, loss: 0.019
[2023-06-01 21:03:37,987][DEBUG] Step: 00064, lr: 1.00e-02, loss_pix: 0.002, loss_feat: 334.109, loss: 0.019
[2023-06-01 21:03:42,869][DEBUG] Step: 00065, lr: 1.00e-02, loss_pix: 0.002, loss_feat: 329.734, loss: 0.019
[2023-06-01 21:03:48,264][DEBUG] Step: 00066, lr: 1.00e-02, loss_pix: 0.002, loss_feat: 323.386, loss: 0.018
[2023-06-01 21:03:53,709][DEBUG] Step: 00067, lr: 1.00e-02, loss_pix: 0.002, loss_feat: 319.074, loss: 0.018
[2023-06-01 21:03:59,270][DEBUG] Step: 00068, lr: 1.00e-02, loss_pix: 0.002, loss_feat: 314.591, loss: 0.018
[2023-06-01 21:04:04,764][DEBUG] Step: 00069, lr: 1.00e-02, loss_pix: 0.002, loss_feat: 310.589, loss: 0.018
[2023-06-01 21:04:10,441][DEBUG] Step: 00070, lr: 1.00e-02, loss_pix: 0.002, loss_feat: 304.212, loss: 0.017
[2023-06-01 21:04:15,484][DEBUG] Step: 00071, lr: 1.00e-02, loss_pix: 0.002, loss_feat: 299.843, loss: 0.017
[2023-06-01 21:04:20,983][DEBUG] Step: 00072, lr: 1.00e-02, loss_pix: 0.002, loss_feat: 295.575, loss: 0.017
[2023-06-01 21:04:26,510][DEBUG] Step: 00073, lr: 1.00e-02, loss_pix: 0.002, loss_feat: 291.924, loss: 0.017
[2023-06-01 21:04:32,037][DEBUG] Step: 00074, lr: 1.00e-02, loss_pix: 0.002, loss_feat: 287.380, loss: 0.016
[2023-06-01 21:04:37,165][DEBUG] Step: 00075, lr: 1.00e-02, loss_pix: 0.002, loss_feat: 281.619, loss: 0.016
[2023-06-01 21:04:42,517][DEBUG] Step: 00076, lr: 1.00e-02, loss_pix: 0.002, loss_feat: 278.145, loss: 0.016
[2023-06-01 21:04:47,570][DEBUG] Step: 00077, lr: 1.00e-02, loss_pix: 0.002, loss_feat: 274.028, loss: 0.016
[2023-06-01 21:04:52,941][DEBUG] Step: 00078, lr: 1.00e-02, loss_pix: 0.002, loss_feat: 269.663, loss: 0.016
[2023-06-01 21:04:58,023][DEBUG] Step: 00079, lr: 1.00e-02, loss_pix: 0.002, loss_feat: 265.022, loss: 0.015
[2023-06-01 21:05:03,056][DEBUG] Step: 00080, lr: 1.00e-02, loss_pix: 0.002, loss_feat: 261.059, loss: 0.015
[2023-06-01 21:05:08,301][DEBUG] Step: 00081, lr: 1.00e-02, loss_pix: 0.002, loss_feat: 256.649, loss: 0.015
[2023-06-01 21:05:13,212][DEBUG] Step: 00082, lr: 1.00e-02, loss_pix: 0.002, loss_feat: 252.735, loss: 0.015
[2023-06-01 21:05:18,081][DEBUG] Step: 00083, lr: 1.00e-02, loss_pix: 0.002, loss_feat: 249.873, loss: 0.015
[2023-06-01 21:05:23,342][DEBUG] Step: 00084, lr: 1.00e-02, loss_pix: 0.002, loss_feat: 246.496, loss: 0.014
[2023-06-01 21:05:28,273][DEBUG] Step: 00085, lr: 1.00e-02, loss_pix: 0.002, loss_feat: 242.912, loss: 0.014
[2023-06-01 21:05:33,214][DEBUG] Step: 00086, lr: 1.00e-02, loss_pix: 0.002, loss_feat: 239.098, loss: 0.014
[2023-06-01 21:05:38,209][DEBUG] Step: 00087, lr: 1.00e-02, loss_pix: 0.002, loss_feat: 235.995, loss: 0.014
[2023-06-01 21:05:43,128][DEBUG] Step: 00088, lr: 1.00e-02, loss_pix: 0.002, loss_feat: 234.074, loss: 0.014
[2023-06-01 21:05:47,919][DEBUG] Step: 00089, lr: 1.00e-02, loss_pix: 0.002, loss_feat: 230.097, loss: 0.013
[2023-06-01 21:05:52,791][DEBUG] Step: 00090, lr: 1.00e-02, loss_pix: 0.002, loss_feat: 228.198, loss: 0.013
[2023-06-01 21:05:57,788][DEBUG] Step: 00091, lr: 1.00e-02, loss_pix: 0.002, loss_feat: 224.935, loss: 0.013
[2023-06-01 21:06:02,874][DEBUG] Step: 00092, lr: 1.00e-02, loss_pix: 0.002, loss_feat: 223.155, loss: 0.013
[2023-06-01 21:06:07,686][DEBUG] Step: 00093, lr: 1.00e-02, loss_pix: 0.002, loss_feat: 220.448, loss: 0.013
[2023-06-01 21:06:12,476][DEBUG] Step: 00094, lr: 1.00e-02, loss_pix: 0.002, loss_feat: 218.074, loss: 0.013
[2023-06-01 21:06:18,151][DEBUG] Step: 00095, lr: 1.00e-02, loss_pix: 0.002, loss_feat: 215.147, loss: 0.013
[2023-06-01 21:06:23,102][DEBUG] Step: 00096, lr: 1.00e-02, loss_pix: 0.002, loss_feat: 213.482, loss: 0.013
[2023-06-01 21:06:27,970][DEBUG] Step: 00097, lr: 1.00e-02, loss_pix: 0.002, loss_feat: 211.225, loss: 0.012
[2023-06-01 21:06:32,901][DEBUG] Step: 00098, lr: 1.00e-02, loss_pix: 0.002, loss_feat: 209.058, loss: 0.012
[2023-06-01 21:06:38,063][DEBUG] Step: 00099, lr: 1.00e-02, loss_pix: 0.002, loss_feat: 206.586, loss: 0.012
[2023-06-01 21:06:43,422][DEBUG] Step: 00100, lr: 1.00e-02, loss_pix: 0.002, loss_feat: 204.204, loss: 0.012
[2023-06-01 21:06:49,964][DEBUG] Step: 00001, lr: 1.00e-02, loss_pix: 0.013, loss_feat: 1620.662, loss: 0.094
[2023-06-01 21:06:55,069][DEBUG] Step: 00002, lr: 1.00e-02, loss_pix: 0.011, loss_feat: 1376.518, loss: 0.080
[2023-06-01 21:06:59,890][DEBUG] Step: 00003, lr: 1.00e-02, loss_pix: 0.010, loss_feat: 1281.543, loss: 0.074
[2023-06-01 21:07:04,837][DEBUG] Step: 00004, lr: 1.00e-02, loss_pix: 0.009, loss_feat: 1251.117, loss: 0.072
[2023-06-01 21:07:09,918][DEBUG] Step: 00005, lr: 1.00e-02, loss_pix: 0.009, loss_feat: 1232.622, loss: 0.070
[2023-06-01 21:07:15,119][DEBUG] Step: 00006, lr: 1.00e-02, loss_pix: 0.008, loss_feat: 1204.607, loss: 0.069
[2023-06-01 21:07:20,216][DEBUG] Step: 00007, lr: 1.00e-02, loss_pix: 0.008, loss_feat: 1193.909, loss: 0.068
[2023-06-01 21:07:25,135][DEBUG] Step: 00008, lr: 1.00e-02, loss_pix: 0.008, loss_feat: 1178.202, loss: 0.067
[2023-06-01 21:07:29,937][DEBUG] Step: 00009, lr: 1.00e-02, loss_pix: 0.008, loss_feat: 1159.714, loss: 0.066
[2023-06-01 21:07:34,852][DEBUG] Step: 00010, lr: 1.00e-02, loss_pix: 0.008, loss_feat: 1142.418, loss: 0.065
[2023-06-01 21:07:39,844][DEBUG] Step: 00011, lr: 1.00e-02, loss_pix: 0.008, loss_feat: 1130.779, loss: 0.064
[2023-06-01 21:07:44,877][DEBUG] Step: 00012, lr: 1.00e-02, loss_pix: 0.007, loss_feat: 1114.481, loss: 0.063
[2023-06-01 21:07:49,921][DEBUG] Step: 00013, lr: 1.00e-02, loss_pix: 0.007, loss_feat: 1095.845, loss: 0.062
[2023-06-01 21:07:55,100][DEBUG] Step: 00014, lr: 1.00e-02, loss_pix: 0.007, loss_feat: 1078.583, loss: 0.061
[2023-06-01 21:08:00,015][DEBUG] Step: 00015, lr: 1.00e-02, loss_pix: 0.007, loss_feat: 1061.523, loss: 0.060
[2023-06-01 21:08:05,252][DEBUG] Step: 00016, lr: 1.00e-02, loss_pix: 0.007, loss_feat: 1043.561, loss: 0.059
[2023-06-01 21:08:10,269][DEBUG] Step: 00017, lr: 1.00e-02, loss_pix: 0.006, loss_feat: 1027.851, loss: 0.058
[2023-06-01 21:08:15,475][DEBUG] Step: 00018, lr: 1.00e-02, loss_pix: 0.006, loss_feat: 1011.872, loss: 0.057
[2023-06-01 21:08:20,703][DEBUG] Step: 00019, lr: 1.00e-02, loss_pix: 0.006, loss_feat: 994.401, loss: 0.056
[2023-06-01 21:08:25,712][DEBUG] Step: 00020, lr: 1.00e-02, loss_pix: 0.006, loss_feat: 975.921, loss: 0.054
[2023-06-01 21:08:30,670][DEBUG] Step: 00021, lr: 1.00e-02, loss_pix: 0.005, loss_feat: 957.599, loss: 0.053
[2023-06-01 21:08:35,450][DEBUG] Step: 00022, lr: 1.00e-02, loss_pix: 0.005, loss_feat: 941.009, loss: 0.052
[2023-06-01 21:08:40,283][DEBUG] Step: 00023, lr: 1.00e-02, loss_pix: 0.005, loss_feat: 922.658, loss: 0.051
[2023-06-01 21:08:45,265][DEBUG] Step: 00024, lr: 1.00e-02, loss_pix: 0.005, loss_feat: 912.620, loss: 0.051
[2023-06-01 21:08:50,341][DEBUG] Step: 00025, lr: 1.00e-02, loss_pix: 0.005, loss_feat: 895.943, loss: 0.050
[2023-06-01 21:08:55,474][DEBUG] Step: 00026, lr: 1.00e-02, loss_pix: 0.005, loss_feat: 878.852, loss: 0.049
[2023-06-01 21:09:00,575][DEBUG] Step: 00027, lr: 1.00e-02, loss_pix: 0.005, loss_feat: 853.461, loss: 0.047
[2023-06-01 21:09:05,419][DEBUG] Step: 00028, lr: 1.00e-02, loss_pix: 0.005, loss_feat: 841.987, loss: 0.047
[2023-06-01 21:09:10,228][DEBUG] Step: 00029, lr: 1.00e-02, loss_pix: 0.005, loss_feat: 815.044, loss: 0.045
[2023-06-01 21:09:15,181][DEBUG] Step: 00030, lr: 1.00e-02, loss_pix: 0.005, loss_feat: 800.009, loss: 0.045
[2023-06-01 21:09:20,242][DEBUG] Step: 00031, lr: 1.00e-02, loss_pix: 0.004, loss_feat: 781.127, loss: 0.043
[2023-06-01 21:09:25,165][DEBUG] Step: 00032, lr: 1.00e-02, loss_pix: 0.004, loss_feat: 763.990, loss: 0.042
[2023-06-01 21:09:30,099][DEBUG] Step: 00033, lr: 1.00e-02, loss_pix: 0.004, loss_feat: 747.732, loss: 0.042
[2023-06-01 21:09:35,169][DEBUG] Step: 00034, lr: 1.00e-02, loss_pix: 0.004, loss_feat: 725.982, loss: 0.040
[2023-06-01 21:09:40,064][DEBUG] Step: 00035, lr: 1.00e-02, loss_pix: 0.004, loss_feat: 704.204, loss: 0.039
[2023-06-01 21:09:45,463][DEBUG] Step: 00036, lr: 1.00e-02, loss_pix: 0.004, loss_feat: 683.109, loss: 0.038
[2023-06-01 21:09:50,744][DEBUG] Step: 00037, lr: 1.00e-02, loss_pix: 0.004, loss_feat: 660.305, loss: 0.037
[2023-06-01 21:09:56,445][DEBUG] Step: 00038, lr: 1.00e-02, loss_pix: 0.003, loss_feat: 646.856, loss: 0.036
[2023-06-01 21:10:01,244][DEBUG] Step: 00039, lr: 1.00e-02, loss_pix: 0.003, loss_feat: 629.705, loss: 0.035
[2023-06-01 21:10:06,195][DEBUG] Step: 00040, lr: 1.00e-02, loss_pix: 0.003, loss_feat: 608.123, loss: 0.034
[2023-06-01 21:10:11,286][DEBUG] Step: 00041, lr: 1.00e-02, loss_pix: 0.003, loss_feat: 590.786, loss: 0.033
[2023-06-01 21:10:16,515][DEBUG] Step: 00042, lr: 1.00e-02, loss_pix: 0.003, loss_feat: 573.842, loss: 0.032
[2023-06-01 21:10:21,751][DEBUG] Step: 00043, lr: 1.00e-02, loss_pix: 0.003, loss_feat: 558.320, loss: 0.031
[2023-06-01 21:10:27,166][DEBUG] Step: 00044, lr: 1.00e-02, loss_pix: 0.003, loss_feat: 544.848, loss: 0.030
[2023-06-01 21:10:32,140][DEBUG] Step: 00045, lr: 1.00e-02, loss_pix: 0.003, loss_feat: 527.368, loss: 0.029
[2023-06-01 21:10:37,252][DEBUG] Step: 00046, lr: 1.00e-02, loss_pix: 0.003, loss_feat: 511.948, loss: 0.028
[2023-06-01 21:10:42,289][DEBUG] Step: 00047, lr: 1.00e-02, loss_pix: 0.003, loss_feat: 494.873, loss: 0.027
[2023-06-01 21:10:47,303][DEBUG] Step: 00048, lr: 1.00e-02, loss_pix: 0.003, loss_feat: 482.473, loss: 0.027
[2023-06-01 21:10:52,193][DEBUG] Step: 00049, lr: 1.00e-02, loss_pix: 0.003, loss_feat: 467.068, loss: 0.026
[2023-06-01 21:10:57,231][DEBUG] Step: 00050, lr: 1.00e-02, loss_pix: 0.003, loss_feat: 455.441, loss: 0.025
[2023-06-01 21:11:02,369][DEBUG] Step: 00051, lr: 1.00e-02, loss_pix: 0.003, loss_feat: 444.752, loss: 0.025
[2023-06-01 21:11:07,497][DEBUG] Step: 00052, lr: 1.00e-02, loss_pix: 0.003, loss_feat: 435.723, loss: 0.024
[2023-06-01 21:11:12,410][DEBUG] Step: 00053, lr: 1.00e-02, loss_pix: 0.003, loss_feat: 425.519, loss: 0.024
[2023-06-01 21:11:17,194][DEBUG] Step: 00054, lr: 1.00e-02, loss_pix: 0.003, loss_feat: 417.804, loss: 0.023
[2023-06-01 21:11:21,855][DEBUG] Step: 00055, lr: 1.00e-02, loss_pix: 0.003, loss_feat: 407.127, loss: 0.023
[2023-06-01 21:11:26,756][DEBUG] Step: 00056, lr: 1.00e-02, loss_pix: 0.003, loss_feat: 396.763, loss: 0.022
[2023-06-01 21:11:31,675][DEBUG] Step: 00057, lr: 1.00e-02, loss_pix: 0.002, loss_feat: 388.874, loss: 0.022
[2023-06-01 21:11:36,838][DEBUG] Step: 00058, lr: 1.00e-02, loss_pix: 0.002, loss_feat: 380.697, loss: 0.021
[2023-06-01 21:11:42,234][DEBUG] Step: 00059, lr: 1.00e-02, loss_pix: 0.002, loss_feat: 371.388, loss: 0.021
[2023-06-01 21:11:47,545][DEBUG] Step: 00060, lr: 1.00e-02, loss_pix: 0.002, loss_feat: 363.273, loss: 0.021
[2023-06-01 21:11:52,527][DEBUG] Step: 00061, lr: 1.00e-02, loss_pix: 0.002, loss_feat: 356.112, loss: 0.020
[2023-06-01 21:11:57,247][DEBUG] Step: 00062, lr: 1.00e-02, loss_pix: 0.002, loss_feat: 349.289, loss: 0.020
[2023-06-01 21:12:02,045][DEBUG] Step: 00063, lr: 1.00e-02, loss_pix: 0.002, loss_feat: 340.153, loss: 0.019
[2023-06-01 21:12:07,024][DEBUG] Step: 00064, lr: 1.00e-02, loss_pix: 0.002, loss_feat: 334.109, loss: 0.019
[2023-06-01 21:12:12,100][DEBUG] Step: 00065, lr: 1.00e-02, loss_pix: 0.002, loss_feat: 329.734, loss: 0.019
[2023-06-01 21:12:17,121][DEBUG] Step: 00066, lr: 1.00e-02, loss_pix: 0.002, loss_feat: 323.386, loss: 0.018
[2023-06-01 21:12:21,859][DEBUG] Step: 00067, lr: 1.00e-02, loss_pix: 0.002, loss_feat: 319.074, loss: 0.018
[2023-06-01 21:12:26,482][DEBUG] Step: 00068, lr: 1.00e-02, loss_pix: 0.002, loss_feat: 314.591, loss: 0.018
[2023-06-01 21:12:31,124][DEBUG] Step: 00069, lr: 1.00e-02, loss_pix: 0.002, loss_feat: 310.589, loss: 0.018
[2023-06-01 21:12:35,842][DEBUG] Step: 00070, lr: 1.00e-02, loss_pix: 0.002, loss_feat: 304.212, loss: 0.017
[2023-06-01 21:12:40,531][DEBUG] Step: 00071, lr: 1.00e-02, loss_pix: 0.002, loss_feat: 299.843, loss: 0.017
[2023-06-01 21:12:45,222][DEBUG] Step: 00072, lr: 1.00e-02, loss_pix: 0.002, loss_feat: 295.575, loss: 0.017
[2023-06-01 21:12:50,119][DEBUG] Step: 00073, lr: 1.00e-02, loss_pix: 0.002, loss_feat: 291.924, loss: 0.017
[2023-06-01 21:12:55,233][DEBUG] Step: 00074, lr: 1.00e-02, loss_pix: 0.002, loss_feat: 287.380, loss: 0.016
[2023-06-01 21:13:00,137][DEBUG] Step: 00075, lr: 1.00e-02, loss_pix: 0.002, loss_feat: 281.619, loss: 0.016
[2023-06-01 21:13:05,329][DEBUG] Step: 00076, lr: 1.00e-02, loss_pix: 0.002, loss_feat: 278.145, loss: 0.016
[2023-06-01 21:13:10,360][DEBUG] Step: 00077, lr: 1.00e-02, loss_pix: 0.002, loss_feat: 274.028, loss: 0.016
[2023-06-01 21:13:15,142][DEBUG] Step: 00078, lr: 1.00e-02, loss_pix: 0.002, loss_feat: 269.663, loss: 0.016
[2023-06-01 21:13:19,763][DEBUG] Step: 00079, lr: 1.00e-02, loss_pix: 0.002, loss_feat: 265.022, loss: 0.015
[2023-06-01 21:13:24,379][DEBUG] Step: 00080, lr: 1.00e-02, loss_pix: 0.002, loss_feat: 261.059, loss: 0.015
[2023-06-01 21:13:29,087][DEBUG] Step: 00081, lr: 1.00e-02, loss_pix: 0.002, loss_feat: 256.649, loss: 0.015
[2023-06-01 21:13:33,918][DEBUG] Step: 00082, lr: 1.00e-02, loss_pix: 0.002, loss_feat: 252.735, loss: 0.015
[2023-06-01 21:13:38,941][DEBUG] Step: 00083, lr: 1.00e-02, loss_pix: 0.002, loss_feat: 249.873, loss: 0.015
[2023-06-01 21:13:43,938][DEBUG] Step: 00084, lr: 1.00e-02, loss_pix: 0.002, loss_feat: 246.496, loss: 0.014
[2023-06-01 21:13:48,658][DEBUG] Step: 00085, lr: 1.00e-02, loss_pix: 0.002, loss_feat: 242.912, loss: 0.014
[2023-06-01 21:13:53,269][DEBUG] Step: 00086, lr: 1.00e-02, loss_pix: 0.002, loss_feat: 239.098, loss: 0.014
[2023-06-01 21:13:58,005][DEBUG] Step: 00087, lr: 1.00e-02, loss_pix: 0.002, loss_feat: 235.995, loss: 0.014
[2023-06-01 21:14:02,825][DEBUG] Step: 00088, lr: 1.00e-02, loss_pix: 0.002, loss_feat: 234.074, loss: 0.014
[2023-06-01 21:14:07,555][DEBUG] Step: 00089, lr: 1.00e-02, loss_pix: 0.002, loss_feat: 230.097, loss: 0.013
[2023-06-01 21:14:12,445][DEBUG] Step: 00090, lr: 1.00e-02, loss_pix: 0.002, loss_feat: 228.198, loss: 0.013
[2023-06-01 21:14:17,406][DEBUG] Step: 00091, lr: 1.00e-02, loss_pix: 0.002, loss_feat: 224.935, loss: 0.013
[2023-06-01 21:14:22,405][DEBUG] Step: 00092, lr: 1.00e-02, loss_pix: 0.002, loss_feat: 223.155, loss: 0.013
[2023-06-01 21:14:27,157][DEBUG] Step: 00093, lr: 1.00e-02, loss_pix: 0.002, loss_feat: 220.448, loss: 0.013
[2023-06-01 21:14:31,792][DEBUG] Step: 00094, lr: 1.00e-02, loss_pix: 0.002, loss_feat: 218.074, loss: 0.013
[2023-06-01 21:14:36,369][DEBUG] Step: 00095, lr: 1.00e-02, loss_pix: 0.002, loss_feat: 215.147, loss: 0.013
[2023-06-01 21:14:41,165][DEBUG] Step: 00096, lr: 1.00e-02, loss_pix: 0.002, loss_feat: 213.482, loss: 0.013
[2023-06-01 21:14:46,094][DEBUG] Step: 00097, lr: 1.00e-02, loss_pix: 0.002, loss_feat: 211.225, loss: 0.012
[2023-06-01 21:14:50,950][DEBUG] Step: 00098, lr: 1.00e-02, loss_pix: 0.002, loss_feat: 209.058, loss: 0.012
[2023-06-01 21:14:55,652][DEBUG] Step: 00099, lr: 1.00e-02, loss_pix: 0.002, loss_feat: 206.586, loss: 0.012
[2023-06-01 21:15:00,408][DEBUG] Step: 00100, lr: 1.00e-02, loss_pix: 0.002, loss_feat: 204.204, loss: 0.012
[2023-06-01 21:15:06,486][DEBUG] Step: 00001, lr: 1.00e-02, loss_pix: 0.016, loss_feat: 1567.965, loss: 0.095
[2023-06-01 21:15:11,350][DEBUG] Step: 00002, lr: 1.00e-02, loss_pix: 0.013, loss_feat: 1388.753, loss: 0.082
[2023-06-01 21:15:16,080][DEBUG] Step: 00003, lr: 1.00e-02, loss_pix: 0.012, loss_feat: 1289.228, loss: 0.076
[2023-06-01 21:15:21,011][DEBUG] Step: 00004, lr: 1.00e-02, loss_pix: 0.011, loss_feat: 1244.136, loss: 0.073
[2023-06-01 21:15:25,885][DEBUG] Step: 00005, lr: 1.00e-02, loss_pix: 0.011, loss_feat: 1206.931, loss: 0.071
[2023-06-01 21:15:30,513][DEBUG] Step: 00006, lr: 1.00e-02, loss_pix: 0.011, loss_feat: 1180.681, loss: 0.070
[2023-06-01 21:15:35,259][DEBUG] Step: 00007, lr: 1.00e-02, loss_pix: 0.011, loss_feat: 1157.553, loss: 0.068
[2023-06-01 21:15:39,948][DEBUG] Step: 00008, lr: 1.00e-02, loss_pix: 0.011, loss_feat: 1143.504, loss: 0.068
[2023-06-01 21:15:44,829][DEBUG] Step: 00009, lr: 1.00e-02, loss_pix: 0.010, loss_feat: 1127.078, loss: 0.067
[2023-06-01 21:15:49,798][DEBUG] Step: 00010, lr: 1.00e-02, loss_pix: 0.010, loss_feat: 1109.720, loss: 0.066
[2023-06-01 21:15:54,789][DEBUG] Step: 00011, lr: 1.00e-02, loss_pix: 0.010, loss_feat: 1096.453, loss: 0.065
[2023-06-01 21:15:59,636][DEBUG] Step: 00012, lr: 1.00e-02, loss_pix: 0.010, loss_feat: 1076.544, loss: 0.063
[2023-06-01 21:16:04,315][DEBUG] Step: 00013, lr: 1.00e-02, loss_pix: 0.009, loss_feat: 1053.318, loss: 0.062
[2023-06-01 21:16:09,063][DEBUG] Step: 00014, lr: 1.00e-02, loss_pix: 0.009, loss_feat: 1033.507, loss: 0.061
[2023-06-01 21:16:13,786][DEBUG] Step: 00015, lr: 1.00e-02, loss_pix: 0.009, loss_feat: 1013.767, loss: 0.060
[2023-06-01 21:16:18,458][DEBUG] Step: 00016, lr: 1.00e-02, loss_pix: 0.009, loss_feat: 990.246, loss: 0.058
[2023-06-01 21:16:23,235][DEBUG] Step: 00017, lr: 1.00e-02, loss_pix: 0.009, loss_feat: 964.892, loss: 0.057
[2023-06-01 21:16:28,148][DEBUG] Step: 00018, lr: 1.00e-02, loss_pix: 0.008, loss_feat: 941.154, loss: 0.055
[2023-06-01 21:16:32,903][DEBUG] Step: 00019, lr: 1.00e-02, loss_pix: 0.008, loss_feat: 924.117, loss: 0.055
[2023-06-01 21:16:37,504][DEBUG] Step: 00020, lr: 1.00e-02, loss_pix: 0.008, loss_feat: 898.784, loss: 0.053
[2023-06-01 21:16:42,160][DEBUG] Step: 00021, lr: 1.00e-02, loss_pix: 0.008, loss_feat: 873.227, loss: 0.052
[2023-06-01 21:16:46,726][DEBUG] Step: 00022, lr: 1.00e-02, loss_pix: 0.008, loss_feat: 850.520, loss: 0.050
[2023-06-01 21:16:51,305][DEBUG] Step: 00023, lr: 1.00e-02, loss_pix: 0.008, loss_feat: 829.279, loss: 0.049
[2023-06-01 21:16:56,044][DEBUG] Step: 00024, lr: 1.00e-02, loss_pix: 0.008, loss_feat: 809.824, loss: 0.048
[2023-06-01 21:17:01,015][DEBUG] Step: 00025, lr: 1.00e-02, loss_pix: 0.008, loss_feat: 791.849, loss: 0.047
[2023-06-01 21:17:05,858][DEBUG] Step: 00026, lr: 1.00e-02, loss_pix: 0.008, loss_feat: 772.196, loss: 0.046
[2023-06-01 21:17:10,554][DEBUG] Step: 00027, lr: 1.00e-02, loss_pix: 0.007, loss_feat: 753.322, loss: 0.045
[2023-06-01 21:17:15,339][DEBUG] Step: 00028, lr: 1.00e-02, loss_pix: 0.007, loss_feat: 737.061, loss: 0.044
[2023-06-01 21:17:20,117][DEBUG] Step: 00029, lr: 1.00e-02, loss_pix: 0.007, loss_feat: 720.948, loss: 0.043
[2023-06-01 21:17:24,964][DEBUG] Step: 00030, lr: 1.00e-02, loss_pix: 0.007, loss_feat: 700.427, loss: 0.042
[2023-06-01 21:17:29,681][DEBUG] Step: 00031, lr: 1.00e-02, loss_pix: 0.007, loss_feat: 678.335, loss: 0.041
[2023-06-01 21:17:34,378][DEBUG] Step: 00032, lr: 1.00e-02, loss_pix: 0.007, loss_feat: 660.320, loss: 0.040
[2023-06-01 21:17:39,035][DEBUG] Step: 00033, lr: 1.00e-02, loss_pix: 0.007, loss_feat: 642.281, loss: 0.039
[2023-06-01 21:17:43,851][DEBUG] Step: 00034, lr: 1.00e-02, loss_pix: 0.007, loss_feat: 628.070, loss: 0.038
[2023-06-01 21:17:48,860][DEBUG] Step: 00035, lr: 1.00e-02, loss_pix: 0.007, loss_feat: 613.497, loss: 0.038
[2023-06-01 21:17:54,105][DEBUG] Step: 00036, lr: 1.00e-02, loss_pix: 0.007, loss_feat: 597.216, loss: 0.037
[2023-06-01 21:17:58,686][DEBUG] Step: 00037, lr: 1.00e-02, loss_pix: 0.007, loss_feat: 583.972, loss: 0.036
[2023-06-01 21:18:03,255][DEBUG] Step: 00038, lr: 1.00e-02, loss_pix: 0.007, loss_feat: 569.103, loss: 0.035
[2023-06-01 21:18:07,895][DEBUG] Step: 00039, lr: 1.00e-02, loss_pix: 0.007, loss_feat: 554.882, loss: 0.034
[2023-06-01 21:18:12,601][DEBUG] Step: 00040, lr: 1.00e-02, loss_pix: 0.007, loss_feat: 541.920, loss: 0.034
[2023-06-01 21:18:17,346][DEBUG] Step: 00041, lr: 1.00e-02, loss_pix: 0.006, loss_feat: 528.542, loss: 0.033
[2023-06-01 21:18:22,221][DEBUG] Step: 00042, lr: 1.00e-02, loss_pix: 0.006, loss_feat: 515.479, loss: 0.032
[2023-06-01 21:18:27,142][DEBUG] Step: 00043, lr: 1.00e-02, loss_pix: 0.006, loss_feat: 503.017, loss: 0.031
[2023-06-01 21:18:32,048][DEBUG] Step: 00044, lr: 1.00e-02, loss_pix: 0.006, loss_feat: 489.539, loss: 0.031
[2023-06-01 21:18:36,872][DEBUG] Step: 00045, lr: 1.00e-02, loss_pix: 0.006, loss_feat: 476.867, loss: 0.030
[2023-06-01 21:18:41,465][DEBUG] Step: 00046, lr: 1.00e-02, loss_pix: 0.006, loss_feat: 463.848, loss: 0.029
[2023-06-01 21:18:46,196][DEBUG] Step: 00047, lr: 1.00e-02, loss_pix: 0.006, loss_feat: 450.305, loss: 0.028
[2023-06-01 21:18:50,873][DEBUG] Step: 00048, lr: 1.00e-02, loss_pix: 0.006, loss_feat: 436.264, loss: 0.028
[2023-06-01 21:18:55,677][DEBUG] Step: 00049, lr: 1.00e-02, loss_pix: 0.006, loss_feat: 421.790, loss: 0.027
[2023-06-01 21:19:00,467][DEBUG] Step: 00050, lr: 1.00e-02, loss_pix: 0.006, loss_feat: 409.171, loss: 0.026
[2023-06-01 21:19:05,191][DEBUG] Step: 00051, lr: 1.00e-02, loss_pix: 0.006, loss_feat: 397.738, loss: 0.025
[2023-06-01 21:19:10,069][DEBUG] Step: 00052, lr: 1.00e-02, loss_pix: 0.005, loss_feat: 386.612, loss: 0.025
[2023-06-01 21:19:14,757][DEBUG] Step: 00053, lr: 1.00e-02, loss_pix: 0.005, loss_feat: 376.833, loss: 0.024
[2023-06-01 21:19:19,479][DEBUG] Step: 00054, lr: 1.00e-02, loss_pix: 0.005, loss_feat: 367.657, loss: 0.024
[2023-06-01 21:19:24,452][DEBUG] Step: 00055, lr: 1.00e-02, loss_pix: 0.005, loss_feat: 360.448, loss: 0.023
[2023-06-01 21:19:29,705][DEBUG] Step: 00056, lr: 1.00e-02, loss_pix: 0.005, loss_feat: 352.791, loss: 0.023
[2023-06-01 21:19:34,377][DEBUG] Step: 00057, lr: 1.00e-02, loss_pix: 0.005, loss_feat: 344.606, loss: 0.022
[2023-06-01 21:19:39,143][DEBUG] Step: 00058, lr: 1.00e-02, loss_pix: 0.005, loss_feat: 337.504, loss: 0.022
[2023-06-01 21:19:43,953][DEBUG] Step: 00059, lr: 1.00e-02, loss_pix: 0.005, loss_feat: 329.479, loss: 0.021
[2023-06-01 21:19:48,807][DEBUG] Step: 00060, lr: 1.00e-02, loss_pix: 0.005, loss_feat: 321.887, loss: 0.021
[2023-06-01 21:19:54,019][DEBUG] Step: 00061, lr: 1.00e-02, loss_pix: 0.005, loss_feat: 314.540, loss: 0.021
[2023-06-01 21:19:59,023][DEBUG] Step: 00062, lr: 1.00e-02, loss_pix: 0.005, loss_feat: 307.766, loss: 0.020
[2023-06-01 21:20:03,820][DEBUG] Step: 00063, lr: 1.00e-02, loss_pix: 0.005, loss_feat: 300.473, loss: 0.020
[2023-06-01 21:20:08,535][DEBUG] Step: 00064, lr: 1.00e-02, loss_pix: 0.005, loss_feat: 292.887, loss: 0.019
[2023-06-01 21:20:13,351][DEBUG] Step: 00065, lr: 1.00e-02, loss_pix: 0.004, loss_feat: 285.779, loss: 0.019
[2023-06-01 21:20:18,033][DEBUG] Step: 00066, lr: 1.00e-02, loss_pix: 0.004, loss_feat: 278.026, loss: 0.018
[2023-06-01 21:20:22,965][DEBUG] Step: 00067, lr: 1.00e-02, loss_pix: 0.004, loss_feat: 270.606, loss: 0.018
[2023-06-01 21:20:27,786][DEBUG] Step: 00068, lr: 1.00e-02, loss_pix: 0.004, loss_feat: 263.185, loss: 0.017
[2023-06-01 21:20:32,610][DEBUG] Step: 00069, lr: 1.00e-02, loss_pix: 0.004, loss_feat: 257.788, loss: 0.017
[2023-06-01 21:20:37,479][DEBUG] Step: 00070, lr: 1.00e-02, loss_pix: 0.004, loss_feat: 252.732, loss: 0.017
[2023-06-01 21:20:42,193][DEBUG] Step: 00071, lr: 1.00e-02, loss_pix: 0.004, loss_feat: 247.046, loss: 0.016
[2023-06-01 21:20:46,825][DEBUG] Step: 00072, lr: 1.00e-02, loss_pix: 0.004, loss_feat: 241.395, loss: 0.016
[2023-06-01 21:20:51,607][DEBUG] Step: 00073, lr: 1.00e-02, loss_pix: 0.004, loss_feat: 237.812, loss: 0.016
[2023-06-01 21:20:56,429][DEBUG] Step: 00074, lr: 1.00e-02, loss_pix: 0.004, loss_feat: 233.121, loss: 0.016
[2023-06-01 21:21:01,271][DEBUG] Step: 00075, lr: 1.00e-02, loss_pix: 0.004, loss_feat: 229.250, loss: 0.015
[2023-06-01 21:21:06,200][DEBUG] Step: 00076, lr: 1.00e-02, loss_pix: 0.004, loss_feat: 225.834, loss: 0.015
[2023-06-01 21:21:11,309][DEBUG] Step: 00077, lr: 1.00e-02, loss_pix: 0.004, loss_feat: 221.525, loss: 0.015
[2023-06-01 21:21:16,111][DEBUG] Step: 00078, lr: 1.00e-02, loss_pix: 0.004, loss_feat: 216.998, loss: 0.015
[2023-06-01 21:21:20,759][DEBUG] Step: 00079, lr: 1.00e-02, loss_pix: 0.004, loss_feat: 213.034, loss: 0.014
[2023-06-01 21:21:25,328][DEBUG] Step: 00080, lr: 1.00e-02, loss_pix: 0.004, loss_feat: 209.160, loss: 0.014
[2023-06-01 21:21:29,851][DEBUG] Step: 00081, lr: 1.00e-02, loss_pix: 0.004, loss_feat: 212.454, loss: 0.014
[2023-06-01 21:21:34,509][DEBUG] Step: 00082, lr: 1.00e-02, loss_pix: 0.004, loss_feat: 203.984, loss: 0.014
[2023-06-01 21:21:39,285][DEBUG] Step: 00083, lr: 1.00e-02, loss_pix: 0.003, loss_feat: 201.846, loss: 0.014
[2023-06-01 21:21:44,017][DEBUG] Step: 00084, lr: 1.00e-02, loss_pix: 0.003, loss_feat: 198.430, loss: 0.013
[2023-06-01 21:21:48,907][DEBUG] Step: 00085, lr: 1.00e-02, loss_pix: 0.003, loss_feat: 194.000, loss: 0.013
[2023-06-01 21:21:53,905][DEBUG] Step: 00086, lr: 1.00e-02, loss_pix: 0.003, loss_feat: 190.088, loss: 0.013
[2023-06-01 21:21:58,927][DEBUG] Step: 00087, lr: 1.00e-02, loss_pix: 0.003, loss_feat: 186.602, loss: 0.013
[2023-06-01 21:22:03,636][DEBUG] Step: 00088, lr: 1.00e-02, loss_pix: 0.003, loss_feat: 185.078, loss: 0.012
[2023-06-01 21:22:08,265][DEBUG] Step: 00089, lr: 1.00e-02, loss_pix: 0.003, loss_feat: 180.703, loss: 0.012
[2023-06-01 21:22:12,983][DEBUG] Step: 00090, lr: 1.00e-02, loss_pix: 0.003, loss_feat: 178.635, loss: 0.012
[2023-06-01 21:22:17,745][DEBUG] Step: 00091, lr: 1.00e-02, loss_pix: 0.003, loss_feat: 174.625, loss: 0.012
[2023-06-01 21:22:22,670][DEBUG] Step: 00092, lr: 1.00e-02, loss_pix: 0.003, loss_feat: 172.308, loss: 0.012
[2023-06-01 21:22:27,551][DEBUG] Step: 00093, lr: 1.00e-02, loss_pix: 0.003, loss_feat: 171.403, loss: 0.012
[2023-06-01 21:22:32,276][DEBUG] Step: 00094, lr: 1.00e-02, loss_pix: 0.003, loss_feat: 167.902, loss: 0.011
[2023-06-01 21:22:36,876][DEBUG] Step: 00095, lr: 1.00e-02, loss_pix: 0.003, loss_feat: 166.732, loss: 0.011
[2023-06-01 21:22:41,630][DEBUG] Step: 00096, lr: 1.00e-02, loss_pix: 0.003, loss_feat: 162.684, loss: 0.011
[2023-06-01 21:22:46,512][DEBUG] Step: 00097, lr: 1.00e-02, loss_pix: 0.003, loss_feat: 160.194, loss: 0.011
[2023-06-01 21:22:51,501][DEBUG] Step: 00098, lr: 1.00e-02, loss_pix: 0.003, loss_feat: 157.345, loss: 0.011
[2023-06-01 21:22:56,536][DEBUG] Step: 00099, lr: 1.00e-02, loss_pix: 0.003, loss_feat: 154.468, loss: 0.011
[2023-06-01 21:23:01,405][DEBUG] Step: 00100, lr: 1.00e-02, loss_pix: 0.003, loss_feat: 152.985, loss: 0.010
[2023-06-01 21:23:07,426][DEBUG] Step: 00001, lr: 1.00e-02, loss_pix: 0.016, loss_feat: 1567.965, loss: 0.095
[2023-06-01 21:23:12,094][DEBUG] Step: 00002, lr: 1.00e-02, loss_pix: 0.013, loss_feat: 1388.753, loss: 0.082
[2023-06-01 21:23:16,859][DEBUG] Step: 00003, lr: 1.00e-02, loss_pix: 0.012, loss_feat: 1289.228, loss: 0.076
[2023-06-01 21:23:21,734][DEBUG] Step: 00004, lr: 1.00e-02, loss_pix: 0.011, loss_feat: 1244.136, loss: 0.073
[2023-06-01 21:23:26,574][DEBUG] Step: 00005, lr: 1.00e-02, loss_pix: 0.011, loss_feat: 1206.931, loss: 0.071
[2023-06-01 21:23:31,429][DEBUG] Step: 00006, lr: 1.00e-02, loss_pix: 0.011, loss_feat: 1180.681, loss: 0.070
[2023-06-01 21:23:36,190][DEBUG] Step: 00007, lr: 1.00e-02, loss_pix: 0.011, loss_feat: 1157.553, loss: 0.068
[2023-06-01 21:23:40,996][DEBUG] Step: 00008, lr: 1.00e-02, loss_pix: 0.011, loss_feat: 1143.504, loss: 0.068
[2023-06-01 21:23:45,635][DEBUG] Step: 00009, lr: 1.00e-02, loss_pix: 0.010, loss_feat: 1127.078, loss: 0.067
[2023-06-01 21:23:50,273][DEBUG] Step: 00010, lr: 1.00e-02, loss_pix: 0.010, loss_feat: 1109.720, loss: 0.066
[2023-06-01 21:23:55,155][DEBUG] Step: 00011, lr: 1.00e-02, loss_pix: 0.010, loss_feat: 1096.453, loss: 0.065
[2023-06-01 21:23:59,932][DEBUG] Step: 00012, lr: 1.00e-02, loss_pix: 0.010, loss_feat: 1076.544, loss: 0.063
[2023-06-01 21:24:04,915][DEBUG] Step: 00013, lr: 1.00e-02, loss_pix: 0.009, loss_feat: 1053.318, loss: 0.062
[2023-06-01 21:24:09,636][DEBUG] Step: 00014, lr: 1.00e-02, loss_pix: 0.009, loss_feat: 1033.507, loss: 0.061
[2023-06-01 21:24:14,430][DEBUG] Step: 00015, lr: 1.00e-02, loss_pix: 0.009, loss_feat: 1013.767, loss: 0.060
[2023-06-01 21:24:19,347][DEBUG] Step: 00016, lr: 1.00e-02, loss_pix: 0.009, loss_feat: 990.246, loss: 0.058
[2023-06-01 21:24:24,390][DEBUG] Step: 00017, lr: 1.00e-02, loss_pix: 0.009, loss_feat: 964.892, loss: 0.057
[2023-06-01 21:24:29,173][DEBUG] Step: 00018, lr: 1.00e-02, loss_pix: 0.008, loss_feat: 941.154, loss: 0.055
[2023-06-01 21:24:34,178][DEBUG] Step: 00019, lr: 1.00e-02, loss_pix: 0.008, loss_feat: 924.117, loss: 0.055
[2023-06-01 21:24:39,234][DEBUG] Step: 00020, lr: 1.00e-02, loss_pix: 0.008, loss_feat: 898.784, loss: 0.053
[2023-06-01 21:24:43,967][DEBUG] Step: 00021, lr: 1.00e-02, loss_pix: 0.008, loss_feat: 873.227, loss: 0.052
[2023-06-01 21:24:48,853][DEBUG] Step: 00022, lr: 1.00e-02, loss_pix: 0.008, loss_feat: 850.520, loss: 0.050
[2023-06-01 21:24:53,719][DEBUG] Step: 00023, lr: 1.00e-02, loss_pix: 0.008, loss_feat: 829.279, loss: 0.049
[2023-06-01 21:24:58,668][DEBUG] Step: 00024, lr: 1.00e-02, loss_pix: 0.008, loss_feat: 809.824, loss: 0.048
[2023-06-01 21:25:03,432][DEBUG] Step: 00025, lr: 1.00e-02, loss_pix: 0.008, loss_feat: 791.849, loss: 0.047
[2023-06-01 21:25:08,226][DEBUG] Step: 00026, lr: 1.00e-02, loss_pix: 0.008, loss_feat: 772.196, loss: 0.046
[2023-06-01 21:25:12,858][DEBUG] Step: 00027, lr: 1.00e-02, loss_pix: 0.007, loss_feat: 753.322, loss: 0.045
[2023-06-01 21:25:17,582][DEBUG] Step: 00028, lr: 1.00e-02, loss_pix: 0.007, loss_feat: 737.061, loss: 0.044
[2023-06-01 21:25:22,540][DEBUG] Step: 00029, lr: 1.00e-02, loss_pix: 0.007, loss_feat: 720.948, loss: 0.043
[2023-06-01 21:25:27,534][DEBUG] Step: 00030, lr: 1.00e-02, loss_pix: 0.007, loss_feat: 700.427, loss: 0.042
[2023-06-01 21:25:32,337][DEBUG] Step: 00031, lr: 1.00e-02, loss_pix: 0.007, loss_feat: 678.335, loss: 0.041
[2023-06-01 21:25:37,176][DEBUG] Step: 00032, lr: 1.00e-02, loss_pix: 0.007, loss_feat: 660.320, loss: 0.040
[2023-06-01 21:25:42,175][DEBUG] Step: 00033, lr: 1.00e-02, loss_pix: 0.007, loss_feat: 642.281, loss: 0.039
[2023-06-01 21:25:47,112][DEBUG] Step: 00034, lr: 1.00e-02, loss_pix: 0.007, loss_feat: 628.070, loss: 0.038
[2023-06-01 21:25:51,918][DEBUG] Step: 00035, lr: 1.00e-02, loss_pix: 0.007, loss_feat: 613.497, loss: 0.038
[2023-06-01 21:25:56,701][DEBUG] Step: 00036, lr: 1.00e-02, loss_pix: 0.007, loss_feat: 597.216, loss: 0.037
[2023-06-01 21:26:01,644][DEBUG] Step: 00037, lr: 1.00e-02, loss_pix: 0.007, loss_feat: 583.972, loss: 0.036
[2023-06-01 21:26:06,548][DEBUG] Step: 00038, lr: 1.00e-02, loss_pix: 0.007, loss_feat: 569.103, loss: 0.035
[2023-06-01 21:26:11,253][DEBUG] Step: 00039, lr: 1.00e-02, loss_pix: 0.007, loss_feat: 554.882, loss: 0.034
[2023-06-01 21:26:15,926][DEBUG] Step: 00040, lr: 1.00e-02, loss_pix: 0.007, loss_feat: 541.920, loss: 0.034
[2023-06-01 21:26:20,626][DEBUG] Step: 00041, lr: 1.00e-02, loss_pix: 0.006, loss_feat: 528.542, loss: 0.033
[2023-06-01 21:26:25,408][DEBUG] Step: 00042, lr: 1.00e-02, loss_pix: 0.006, loss_feat: 515.479, loss: 0.032
[2023-06-01 21:26:30,327][DEBUG] Step: 00043, lr: 1.00e-02, loss_pix: 0.006, loss_feat: 503.017, loss: 0.031
[2023-06-01 21:26:35,075][DEBUG] Step: 00044, lr: 1.00e-02, loss_pix: 0.006, loss_feat: 489.539, loss: 0.031
[2023-06-01 21:26:39,690][DEBUG] Step: 00045, lr: 1.00e-02, loss_pix: 0.006, loss_feat: 476.867, loss: 0.030
[2023-06-01 21:26:44,513][DEBUG] Step: 00046, lr: 1.00e-02, loss_pix: 0.006, loss_feat: 463.848, loss: 0.029
[2023-06-01 21:26:49,255][DEBUG] Step: 00047, lr: 1.00e-02, loss_pix: 0.006, loss_feat: 450.305, loss: 0.028
[2023-06-01 21:26:54,123][DEBUG] Step: 00048, lr: 1.00e-02, loss_pix: 0.006, loss_feat: 436.264, loss: 0.028
[2023-06-01 21:26:58,909][DEBUG] Step: 00049, lr: 1.00e-02, loss_pix: 0.006, loss_feat: 421.790, loss: 0.027
[2023-06-01 21:27:03,671][DEBUG] Step: 00050, lr: 1.00e-02, loss_pix: 0.006, loss_feat: 409.171, loss: 0.026
[2023-06-01 21:27:08,317][DEBUG] Step: 00051, lr: 1.00e-02, loss_pix: 0.006, loss_feat: 397.738, loss: 0.025
[2023-06-01 21:27:12,996][DEBUG] Step: 00052, lr: 1.00e-02, loss_pix: 0.005, loss_feat: 386.612, loss: 0.025
[2023-06-01 21:27:17,805][DEBUG] Step: 00053, lr: 1.00e-02, loss_pix: 0.005, loss_feat: 376.833, loss: 0.024
[2023-06-01 21:27:22,755][DEBUG] Step: 00054, lr: 1.00e-02, loss_pix: 0.005, loss_feat: 367.657, loss: 0.024
[2023-06-01 21:27:27,549][DEBUG] Step: 00055, lr: 1.00e-02, loss_pix: 0.005, loss_feat: 360.448, loss: 0.023
[2023-06-01 21:27:32,064][DEBUG] Step: 00056, lr: 1.00e-02, loss_pix: 0.005, loss_feat: 352.791, loss: 0.023
[2023-06-01 21:27:36,694][DEBUG] Step: 00057, lr: 1.00e-02, loss_pix: 0.005, loss_feat: 344.606, loss: 0.022
[2023-06-01 21:27:41,533][DEBUG] Step: 00058, lr: 1.00e-02, loss_pix: 0.005, loss_feat: 337.504, loss: 0.022
[2023-06-01 21:27:46,337][DEBUG] Step: 00059, lr: 1.00e-02, loss_pix: 0.005, loss_feat: 329.479, loss: 0.021
[2023-06-01 21:27:51,226][DEBUG] Step: 00060, lr: 1.00e-02, loss_pix: 0.005, loss_feat: 321.887, loss: 0.021
[2023-06-01 21:27:55,944][DEBUG] Step: 00061, lr: 1.00e-02, loss_pix: 0.005, loss_feat: 314.540, loss: 0.021
[2023-06-01 21:28:00,559][DEBUG] Step: 00062, lr: 1.00e-02, loss_pix: 0.005, loss_feat: 307.766, loss: 0.020
[2023-06-01 21:28:05,641][DEBUG] Step: 00063, lr: 1.00e-02, loss_pix: 0.005, loss_feat: 300.473, loss: 0.020
[2023-06-01 21:28:10,408][DEBUG] Step: 00064, lr: 1.00e-02, loss_pix: 0.005, loss_feat: 292.887, loss: 0.019
[2023-06-01 21:28:15,312][DEBUG] Step: 00065, lr: 1.00e-02, loss_pix: 0.004, loss_feat: 285.779, loss: 0.019
[2023-06-01 21:28:20,112][DEBUG] Step: 00066, lr: 1.00e-02, loss_pix: 0.004, loss_feat: 278.026, loss: 0.018
[2023-06-01 21:28:24,907][DEBUG] Step: 00067, lr: 1.00e-02, loss_pix: 0.004, loss_feat: 270.606, loss: 0.018
[2023-06-01 21:28:29,696][DEBUG] Step: 00068, lr: 1.00e-02, loss_pix: 0.004, loss_feat: 263.185, loss: 0.017
[2023-06-01 21:28:34,437][DEBUG] Step: 00069, lr: 1.00e-02, loss_pix: 0.004, loss_feat: 257.788, loss: 0.017
[2023-06-01 21:28:39,203][DEBUG] Step: 00070, lr: 1.00e-02, loss_pix: 0.004, loss_feat: 252.732, loss: 0.017
[2023-06-01 21:28:44,072][DEBUG] Step: 00071, lr: 1.00e-02, loss_pix: 0.004, loss_feat: 247.046, loss: 0.016
[2023-06-01 21:28:48,922][DEBUG] Step: 00072, lr: 1.00e-02, loss_pix: 0.004, loss_feat: 241.395, loss: 0.016
[2023-06-01 21:28:53,597][DEBUG] Step: 00073, lr: 1.00e-02, loss_pix: 0.004, loss_feat: 237.812, loss: 0.016
[2023-06-01 21:28:58,420][DEBUG] Step: 00074, lr: 1.00e-02, loss_pix: 0.004, loss_feat: 233.121, loss: 0.016
[2023-06-01 21:29:03,152][DEBUG] Step: 00075, lr: 1.00e-02, loss_pix: 0.004, loss_feat: 229.250, loss: 0.015
[2023-06-01 21:29:07,836][DEBUG] Step: 00076, lr: 1.00e-02, loss_pix: 0.004, loss_feat: 225.834, loss: 0.015
[2023-06-01 21:29:12,648][DEBUG] Step: 00077, lr: 1.00e-02, loss_pix: 0.004, loss_feat: 221.525, loss: 0.015
[2023-06-01 21:29:17,405][DEBUG] Step: 00078, lr: 1.00e-02, loss_pix: 0.004, loss_feat: 216.998, loss: 0.015
[2023-06-01 21:29:22,022][DEBUG] Step: 00079, lr: 1.00e-02, loss_pix: 0.004, loss_feat: 213.034, loss: 0.014
[2023-06-01 21:29:26,727][DEBUG] Step: 00080, lr: 1.00e-02, loss_pix: 0.004, loss_feat: 209.160, loss: 0.014
[2023-06-01 21:29:31,452][DEBUG] Step: 00081, lr: 1.00e-02, loss_pix: 0.004, loss_feat: 212.454, loss: 0.014
[2023-06-01 21:29:36,282][DEBUG] Step: 00082, lr: 1.00e-02, loss_pix: 0.004, loss_feat: 203.984, loss: 0.014
[2023-06-01 21:29:40,990][DEBUG] Step: 00083, lr: 1.00e-02, loss_pix: 0.003, loss_feat: 201.846, loss: 0.014
[2023-06-01 21:29:45,582][DEBUG] Step: 00084, lr: 1.00e-02, loss_pix: 0.003, loss_feat: 198.430, loss: 0.013
[2023-06-01 21:29:50,152][DEBUG] Step: 00085, lr: 1.00e-02, loss_pix: 0.003, loss_feat: 194.000, loss: 0.013
[2023-06-01 21:29:54,805][DEBUG] Step: 00086, lr: 1.00e-02, loss_pix: 0.003, loss_feat: 190.088, loss: 0.013
[2023-06-01 21:29:59,831][DEBUG] Step: 00087, lr: 1.00e-02, loss_pix: 0.003, loss_feat: 186.602, loss: 0.013
[2023-06-01 21:30:04,538][DEBUG] Step: 00088, lr: 1.00e-02, loss_pix: 0.003, loss_feat: 185.078, loss: 0.012
[2023-06-01 21:30:09,322][DEBUG] Step: 00089, lr: 1.00e-02, loss_pix: 0.003, loss_feat: 180.703, loss: 0.012
[2023-06-01 21:30:14,014][DEBUG] Step: 00090, lr: 1.00e-02, loss_pix: 0.003, loss_feat: 178.635, loss: 0.012
[2023-06-01 21:30:18,693][DEBUG] Step: 00091, lr: 1.00e-02, loss_pix: 0.003, loss_feat: 174.625, loss: 0.012
[2023-06-01 21:30:23,666][DEBUG] Step: 00092, lr: 1.00e-02, loss_pix: 0.003, loss_feat: 172.308, loss: 0.012
[2023-06-01 21:30:28,358][DEBUG] Step: 00093, lr: 1.00e-02, loss_pix: 0.003, loss_feat: 171.403, loss: 0.012
[2023-06-01 21:30:33,160][DEBUG] Step: 00094, lr: 1.00e-02, loss_pix: 0.003, loss_feat: 167.902, loss: 0.011
[2023-06-01 21:30:38,085][DEBUG] Step: 00095, lr: 1.00e-02, loss_pix: 0.003, loss_feat: 166.732, loss: 0.011
[2023-06-01 21:30:43,172][DEBUG] Step: 00096, lr: 1.00e-02, loss_pix: 0.003, loss_feat: 162.684, loss: 0.011
[2023-06-01 21:30:47,829][DEBUG] Step: 00097, lr: 1.00e-02, loss_pix: 0.003, loss_feat: 160.194, loss: 0.011
[2023-06-01 21:30:52,544][DEBUG] Step: 00098, lr: 1.00e-02, loss_pix: 0.003, loss_feat: 157.345, loss: 0.011
[2023-06-01 21:30:57,246][DEBUG] Step: 00099, lr: 1.00e-02, loss_pix: 0.003, loss_feat: 154.468, loss: 0.011
[2023-06-01 21:31:02,034][DEBUG] Step: 00100, lr: 1.00e-02, loss_pix: 0.003, loss_feat: 152.985, loss: 0.010
